[ 2016-02-22T14:19:26+08:00 ] 172.16.220.113 /citytempphp/
INFO: [ app_init ] --START--
INFO: Run Behavior\BuildLiteBehavior [ RunTime:0.000025s ]
INFO: [ app_init ] --END-- [ RunTime:0.025507s ]
INFO: [ app_begin ] --START--
INFO: Run Behavior\ReadHtmlCacheBehavior [ RunTime:0.013126s ]
INFO: [ app_begin ] --END-- [ RunTime:0.013267s ]
NOTIC: [2] session_start(): open(D:/Program Files/php-5.6.15-Win32-VC11-x86/custom/session\sess_jut01bqqri1o6e1ka9qjldgcp1, O_RDWR) failed: No such file or directory (2) V:\webRoot\CityTempPHP\ThinkPHP\Common\functions.php ç¬¬ 1263 è¡Œ.
INFO: [ view_parse ] --START--
INFO: [ template_filter ] --START--
INFO: Run Behavior\ContentReplaceBehavior [ RunTime:0.001073s ]
INFO: [ template_filter ] --END-- [ RunTime:0.001178s ]
INFO: Run Behavior\ParseTemplateBehavior [ RunTime:0.129514s ]
INFO: [ view_parse ] --END-- [ RunTime:0.129618s ]
INFO: [ view_filter ] --START--
INFO: Run Behavior\WriteHtmlCacheBehavior [ RunTime:0.009010s ]
INFO: [ view_filter ] --END-- [ RunTime:0.009093s ]
INFO: [ app_end ] --START--
INFO: Run Behavior\ShowPageTraceBehavior [ RunTime:0.009907s ]
INFO: [ app_end ] --END-- [ RunTime:0.010896s ]

[ 2016-02-22T14:19:31+08:00 ] 172.16.220.113 /CityTempPHP/index.php/Home/CityTemp/cityTemp?CityName=%E5%8C%97%E4%BA%AC&json&_=1456121967546
INFO: [ app_init ] --START--
INFO: Run Behavior\BuildLiteBehavior [ RunTime:0.000014s ]
INFO: [ app_init ] --END-- [ RunTime:0.000376s ]
INFO: [ app_begin ] --START--
INFO: Run Behavior\ReadHtmlCacheBehavior [ RunTime:0.000569s ]
INFO: [ app_begin ] --END-- [ RunTime:0.000615s ]
NOTIC: [2] session_start(): open(D:/Program Files/php-5.6.15-Win32-VC11-x86/custom/session\sess_jut01bqqri1o6e1ka9qjldgcp1, O_RDWR) failed: No such file or directory (2) V:\webRoot\CityTempPHP\ThinkPHP\Common\functions.php ç¬¬ 1263 è¡Œ.
ERR: SQLSTATE[HY000] [2002] ÓÉÓÚÄ¿±ê¼ÆËã»ú»ý¼«¾Ü¾ø£¬ÎÞ·¨Á¬½Ó¡£


[ 2016-02-22T14:26:53+08:00 ] 172.16.220.113 /citytempphp/
INFO: [ app_init ] --START--
INFO: Run Behavior\BuildLiteBehavior [ RunTime:0.000013s ]
INFO: [ app_init ] --END-- [ RunTime:0.000720s ]
INFO: [ app_begin ] --START--
INFO: Run Behavior\ReadHtmlCacheBehavior [ RunTime:0.006354s ]
INFO: [ app_begin ] --END-- [ RunTime:0.006412s ]
NOTIC: [2] session_start(): open(D:/Program Files/php-5.6.15-Win32-VC11-x86/custom/session\sess_jut01bqqri1o6e1ka9qjldgcp1, O_RDWR) failed: No such file or directory (2) V:\webRoot\CityTempPHP\ThinkPHP\Common\functions.php ç¬¬ 1263 è¡Œ.
INFO: [ view_parse ] --START--
INFO: [ template_filter ] --START--
INFO: Run Behavior\ContentReplaceBehavior [ RunTime:0.000040s ]
INFO: [ template_filter ] --END-- [ RunTime:0.000091s ]
INFO: Run Behavior\ParseTemplateBehavior [ RunTime:0.056811s ]
INFO: [ view_parse ] --END-- [ RunTime:0.056875s ]
INFO: [ view_filter ] --START--
INFO: Run Behavior\WriteHtmlCacheBehavior [ RunTime:0.004473s ]
INFO: [ view_filter ] --END-- [ RunTime:0.004524s ]
INFO: [ app_end ] --START--
INFO: Run Behavior\ShowPageTraceBehavior [ RunTime:0.004890s ]
INFO: [ app_end ] --END-- [ RunTime:0.004932s ]

[ 2016-02-22T14:27:02+08:00 ] 172.16.220.113 /CityTempPHP/index.php/Home/CityTemp/cityTemp?CityName=%E5%8C%97%E4%BA%AC&json&_=1456122414251
INFO: [ app_init ] --START--
INFO: Run Behavior\BuildLiteBehavior [ RunTime:0.000013s ]
INFO: [ app_init ] --END-- [ RunTime:0.000332s ]
INFO: [ app_begin ] --START--
INFO: Run Behavior\ReadHtmlCacheBehavior [ RunTime:0.000468s ]
INFO: [ app_begin ] --END-- [ RunTime:0.000509s ]
NOTIC: [2] session_start(): open(D:/Program Files/php-5.6.15-Win32-VC11-x86/custom/session\sess_jut01bqqri1o6e1ka9qjldgcp1, O_RDWR) failed: No such file or directory (2) V:\webRoot\CityTempPHP\ThinkPHP\Common\functions.php ç¬¬ 1263 è¡Œ.
SQL: SHOW COLUMNS FROM `citystationviewmodels` [ RunTime:0.1810s ]
SQL: SHOW COLUMNS FROM `citytemperature_db`.`citystationviewmodels` [ RunTime:0.0014s ]
SQL: SELECT `station` FROM citytemperature_db.citystationviewmodels WHERE ( city = "åŒ—äº¬" )  [ RunTime:4.1183s ]
SQL: SHOW COLUMNS FROM `citytemperature_db`.`citytempviewmodels` [ RunTime:0.1029s ]
NOTIC: [8] Use of undefined constant station - assumed 'station' V:\webRoot\CityTempPHP\Application\Home\Model\CityTempModel.class.php ç¬¬ 14 è¡Œ.
SQL: SELECT `temperature`,`time` FROM citytemperature_db.citytempviewmodels WHERE ( station = 54511 )  [ RunTime:2.7508s ]

[ 2016-02-22T14:29:31+08:00 ] 172.16.220.113 /citytempphp/
INFO: [ app_init ] --START--
INFO: Run Behavior\BuildLiteBehavior [ RunTime:0.000012s ]
INFO: [ app_init ] --END-- [ RunTime:0.000924s ]
INFO: [ app_begin ] --START--
INFO: Run Behavior\ReadHtmlCacheBehavior [ RunTime:0.000762s ]
INFO: [ app_begin ] --END-- [ RunTime:0.000803s ]
NOTIC: [2] session_start(): open(D:/Program Files/php-5.6.15-Win32-VC11-x86/custom/session\sess_jut01bqqri1o6e1ka9qjldgcp1, O_RDWR) failed: No such file or directory (2) V:\webRoot\CityTempPHP\ThinkPHP\Common\functions.php ç¬¬ 1263 è¡Œ.
INFO: [ view_parse ] --START--
INFO: [ template_filter ] --START--
INFO: Run Behavior\ContentReplaceBehavior [ RunTime:0.000038s ]
INFO: [ template_filter ] --END-- [ RunTime:0.000087s ]
INFO: Run Behavior\ParseTemplateBehavior [ RunTime:0.038799s ]
INFO: [ view_parse ] --END-- [ RunTime:0.038864s ]
INFO: [ view_filter ] --START--
INFO: Run Behavior\WriteHtmlCacheBehavior [ RunTime:0.000663s ]
INFO: [ view_filter ] --END-- [ RunTime:0.000702s ]
INFO: [ app_end ] --START--
INFO: Run Behavior\ShowPageTraceBehavior [ RunTime:0.000875s ]
INFO: [ app_end ] --END-- [ RunTime:0.000929s ]

[ 2016-02-22T14:29:36+08:00 ] 172.16.220.113 /CityTempPHP/index.php/Home/CityTemp/cityTemp?CityName=%E5%8C%97%E4%BA%AC&json&_=1456122572085
INFO: [ app_init ] --START--
INFO: Run Behavior\BuildLiteBehavior [ RunTime:0.000009s ]
INFO: [ app_init ] --END-- [ RunTime:0.000280s ]
INFO: [ app_begin ] --START--
INFO: Run Behavior\ReadHtmlCacheBehavior [ RunTime:0.000418s ]
INFO: [ app_begin ] --END-- [ RunTime:0.000453s ]
NOTIC: [2] session_start(): open(D:/Program Files/php-5.6.15-Win32-VC11-x86/custom/session\sess_jut01bqqri1o6e1ka9qjldgcp1, O_RDWR) failed: No such file or directory (2) V:\webRoot\CityTempPHP\ThinkPHP\Common\functions.php ç¬¬ 1263 è¡Œ.
SQL: SHOW COLUMNS FROM `citystationviewmodels` [ RunTime:0.0012s ]
SQL: SHOW COLUMNS FROM `citytemperature_db`.`citystationviewmodels` [ RunTime:0.0004s ]
SQL: SELECT `station` FROM citytemperature_db.citystationviewmodels WHERE ( city = "åŒ—äº¬" )  [ RunTime:1.5265s ]
SQL: SHOW COLUMNS FROM `citytemperature_db`.`citytempviewmodels` [ RunTime:0.0012s ]
NOTIC: [8] Use of undefined constant station - assumed 'station' V:\webRoot\CityTempPHP\Application\Home\Model\CityTempModel.class.php ç¬¬ 14 è¡Œ.
SQL: SELECT `temperature`,`time` FROM citytemperature_db.citytempviewmodels WHERE ( station = 54511 )  [ RunTime:2.7789s ]

[ 2016-02-22T14:32:19+08:00 ] 172.16.220.113 /citytempphp/
INFO: [ app_init ] --START--
INFO: Run Behavior\BuildLiteBehavior [ RunTime:0.000013s ]
INFO: [ app_init ] --END-- [ RunTime:0.000455s ]
INFO: [ app_begin ] --START--
INFO: Run Behavior\ReadHtmlCacheBehavior [ RunTime:0.000422s ]
INFO: [ app_begin ] --END-- [ RunTime:0.000462s ]
NOTIC: [2] session_start(): open(D:/Program Files/php-5.6.15-Win32-VC11-x86/custom/session\sess_jut01bqqri1o6e1ka9qjldgcp1, O_RDWR) failed: No such file or directory (2) V:\webRoot\CityTempPHP\ThinkPHP\Common\functions.php ç¬¬ 1263 è¡Œ.
INFO: [ view_parse ] --START--
INFO: [ template_filter ] --START--
INFO: Run Behavior\ContentReplaceBehavior [ RunTime:0.000037s ]
INFO: [ template_filter ] --END-- [ RunTime:0.000078s ]
INFO: Run Behavior\ParseTemplateBehavior [ RunTime:0.004748s ]
INFO: [ view_parse ] --END-- [ RunTime:0.004787s ]
INFO: [ view_filter ] --START--
INFO: Run Behavior\WriteHtmlCacheBehavior [ RunTime:0.000231s ]
INFO: [ view_filter ] --END-- [ RunTime:0.000263s ]
INFO: [ app_end ] --START--
INFO: Run Behavior\ShowPageTraceBehavior [ RunTime:0.000481s ]
INFO: [ app_end ] --END-- [ RunTime:0.000514s ]

[ 2016-02-22T14:32:24+08:00 ] 172.16.220.113 /CityTempPHP/index.php/Home/CityTemp/cityTemp?CityName=%E5%8C%97%E4%BA%AC&json&_=1456122740507
INFO: [ app_init ] --START--
INFO: Run Behavior\BuildLiteBehavior [ RunTime:0.000011s ]
INFO: [ app_init ] --END-- [ RunTime:0.000289s ]
INFO: [ app_begin ] --START--
INFO: Run Behavior\ReadHtmlCacheBehavior [ RunTime:0.000551s ]
INFO: [ app_begin ] --END-- [ RunTime:0.000591s ]
NOTIC: [2] session_start(): open(D:/Program Files/php-5.6.15-Win32-VC11-x86/custom/session\sess_jut01bqqri1o6e1ka9qjldgcp1, O_RDWR) failed: No such file or directory (2) V:\webRoot\CityTempPHP\ThinkPHP\Common\functions.php ç¬¬ 1263 è¡Œ.
SQL: SHOW COLUMNS FROM `citystationviewmodels` [ RunTime:0.0275s ]
SQL: SHOW COLUMNS FROM `citytemperature_db`.`citystationviewmodels` [ RunTime:0.0005s ]
SQL: SELECT `station` FROM citytemperature_db.citystationviewmodels WHERE ( city = "åŒ—äº¬" )  [ RunTime:1.4970s ]
SQL: SHOW COLUMNS FROM `citytemperature_db`.`citytempviewmodels` [ RunTime:0.0104s ]
NOTIC: [8] Use of undefined constant station - assumed 'station' V:\webRoot\CityTempPHP\Application\Home\Model\CityTempModel.class.php ç¬¬ 14 è¡Œ.
SQL: SELECT `temperature`,`time` FROM citytemperature_db.citytempviewmodels WHERE ( station = 54511 )  [ RunTime:2.4921s ]

[ 2016-02-22T14:33:44+08:00 ] 172.16.220.113 /citytempphp/
INFO: [ app_init ] --START--
INFO: Run Behavior\BuildLiteBehavior [ RunTime:0.000014s ]
INFO: [ app_init ] --END-- [ RunTime:0.000463s ]
INFO: [ app_begin ] --START--
INFO: Run Behavior\ReadHtmlCacheBehavior [ RunTime:0.000509s ]
INFO: [ app_begin ] --END-- [ RunTime:0.000556s ]
NOTIC: [2] session_start(): open(D:/Program Files/php-5.6.15-Win32-VC11-x86/custom/session\sess_jut01bqqri1o6e1ka9qjldgcp1, O_RDWR) failed: No such file or directory (2) V:\webRoot\CityTempPHP\ThinkPHP\Common\functions.php ç¬¬ 1263 è¡Œ.
INFO: [ view_parse ] --START--
INFO: [ template_filter ] --START--
INFO: Run Behavior\ContentReplaceBehavior [ RunTime:0.000040s ]
INFO: [ template_filter ] --END-- [ RunTime:0.000092s ]
INFO: Run Behavior\ParseTemplateBehavior [ RunTime:0.005397s ]
INFO: [ view_parse ] --END-- [ RunTime:0.005436s ]
INFO: [ view_filter ] --START--
INFO: Run Behavior\WriteHtmlCacheBehavior [ RunTime:0.000363s ]
INFO: [ view_filter ] --END-- [ RunTime:0.000397s ]
INFO: [ app_end ] --START--
INFO: Run Behavior\ShowPageTraceBehavior [ RunTime:0.000402s ]
INFO: [ app_end ] --END-- [ RunTime:0.000435s ]

[ 2016-02-22T14:33:51+08:00 ] 172.16.220.113 /CityTempPHP/index.php/Home/CityTemp/cityTemp?CityName=%E5%8C%97%E4%BA%AC&json&_=1456122825297
INFO: [ app_init ] --START--
INFO: Run Behavior\BuildLiteBehavior [ RunTime:0.000010s ]
INFO: [ app_init ] --END-- [ RunTime:0.000255s ]
INFO: [ app_begin ] --START--
INFO: Run Behavior\ReadHtmlCacheBehavior [ RunTime:0.000321s ]
INFO: [ app_begin ] --END-- [ RunTime:0.000354s ]
NOTIC: [2] session_start(): open(D:/Program Files/php-5.6.15-Win32-VC11-x86/custom/session\sess_jut01bqqri1o6e1ka9qjldgcp1, O_RDWR) failed: No such file or directory (2) V:\webRoot\CityTempPHP\ThinkPHP\Common\functions.php ç¬¬ 1263 è¡Œ.
SQL: SHOW COLUMNS FROM `citystationviewmodels` [ RunTime:0.0221s ]
SQL: SHOW COLUMNS FROM `citytemperature_db`.`citystationviewmodels` [ RunTime:0.0005s ]
SQL: SELECT `station` FROM citytemperature_db.citystationviewmodels WHERE ( city = "åŒ—äº¬" )  [ RunTime:1.4018s ]
SQL: SHOW COLUMNS FROM `citytemperature_db`.`citytempviewmodels` [ RunTime:0.0139s ]
NOTIC: [8] Use of undefined constant station - assumed 'station' V:\webRoot\CityTempPHP\Application\Home\Model\CityTempModel.class.php ç¬¬ 14 è¡Œ.
SQL: SELECT `temperature`,`time` FROM citytemperature_db.citytempviewmodels WHERE ( station = 54511 )  [ RunTime:3.0685s ]

[ 2016-02-22T14:34:36+08:00 ] 172.16.220.113 /citytempphp/
INFO: [ app_init ] --START--
INFO: Run Behavior\BuildLiteBehavior [ RunTime:0.000018s ]
INFO: [ app_init ] --END-- [ RunTime:0.000297s ]
INFO: [ app_begin ] --START--
INFO: Run Behavior\ReadHtmlCacheBehavior [ RunTime:0.000458s ]
INFO: [ app_begin ] --END-- [ RunTime:0.000498s ]
NOTIC: [2] session_start(): open(D:/Program Files/php-5.6.15-Win32-VC11-x86/custom/session\sess_jut01bqqri1o6e1ka9qjldgcp1, O_RDWR) failed: No such file or directory (2) V:\webRoot\CityTempPHP\ThinkPHP\Common\functions.php ç¬¬ 1263 è¡Œ.
INFO: [ view_parse ] --START--
INFO: [ template_filter ] --START--
INFO: Run Behavior\ContentReplaceBehavior [ RunTime:0.000037s ]
INFO: [ template_filter ] --END-- [ RunTime:0.000079s ]
INFO: Run Behavior\ParseTemplateBehavior [ RunTime:0.005617s ]
INFO: [ view_parse ] --END-- [ RunTime:0.005659s ]
INFO: [ view_filter ] --START--
INFO: Run Behavior\WriteHtmlCacheBehavior [ RunTime:0.000223s ]
INFO: [ view_filter ] --END-- [ RunTime:0.000254s ]
INFO: [ app_end ] --START--
INFO: Run Behavior\ShowPageTraceBehavior [ RunTime:0.000399s ]
INFO: [ app_end ] --END-- [ RunTime:0.000431s ]

[ 2016-02-22T14:34:41+08:00 ] 172.16.220.113 /CityTempPHP/index.php/Home/CityTemp/cityTemp?CityName=%E5%8C%97%E4%BA%AC&json&_=1456122877125
INFO: [ app_init ] --START--
INFO: Run Behavior\BuildLiteBehavior [ RunTime:0.000012s ]
INFO: [ app_init ] --END-- [ RunTime:0.000339s ]
INFO: [ app_begin ] --START--
INFO: Run Behavior\ReadHtmlCacheBehavior [ RunTime:0.000437s ]
INFO: [ app_begin ] --END-- [ RunTime:0.000475s ]
NOTIC: [2] session_start(): open(D:/Program Files/php-5.6.15-Win32-VC11-x86/custom/session\sess_jut01bqqri1o6e1ka9qjldgcp1, O_RDWR) failed: No such file or directory (2) V:\webRoot\CityTempPHP\ThinkPHP\Common\functions.php ç¬¬ 1263 è¡Œ.
SQL: SHOW COLUMNS FROM `citystationviewmodels` [ RunTime:0.0012s ]
SQL: SHOW COLUMNS FROM `citytemperature_db`.`citystationviewmodels` [ RunTime:0.0004s ]
SQL: SELECT `station` FROM citytemperature_db.citystationviewmodels WHERE ( city = "åŒ—äº¬" )  [ RunTime:1.5004s ]
SQL: SHOW COLUMNS FROM `citytemperature_db`.`citytempviewmodels` [ RunTime:0.0092s ]
NOTIC: [8] Use of undefined constant station - assumed 'station' V:\webRoot\CityTempPHP\Application\Home\Model\CityTempModel.class.php ç¬¬ 14 è¡Œ.
SQL: SELECT `temperature`,`time` FROM citytemperature_db.citytempviewmodels WHERE ( station = 54511 )  [ RunTime:2.6314s ]

[ 2016-02-22T14:35:07+08:00 ] 172.16.220.113 /citytempphp/
INFO: [ app_init ] --START--
INFO: Run Behavior\BuildLiteBehavior [ RunTime:0.000014s ]
INFO: [ app_init ] --END-- [ RunTime:0.000290s ]
INFO: [ app_begin ] --START--
INFO: Run Behavior\ReadHtmlCacheBehavior [ RunTime:0.000318s ]
INFO: [ app_begin ] --END-- [ RunTime:0.000355s ]
NOTIC: [2] session_start(): open(D:/Program Files/php-5.6.15-Win32-VC11-x86/custom/session\sess_jut01bqqri1o6e1ka9qjldgcp1, O_RDWR) failed: No such file or directory (2) V:\webRoot\CityTempPHP\ThinkPHP\Common\functions.php ç¬¬ 1263 è¡Œ.
INFO: [ view_parse ] --START--
INFO: [ template_filter ] --START--
INFO: Run Behavior\ContentReplaceBehavior [ RunTime:0.000034s ]
INFO: [ template_filter ] --END-- [ RunTime:0.000069s ]
INFO: Run Behavior\ParseTemplateBehavior [ RunTime:0.004557s ]
INFO: [ view_parse ] --END-- [ RunTime:0.004595s ]
INFO: [ view_filter ] --START--
INFO: Run Behavior\WriteHtmlCacheBehavior [ RunTime:0.000221s ]
INFO: [ view_filter ] --END-- [ RunTime:0.000251s ]
INFO: [ app_end ] --START--
INFO: Run Behavior\ShowPageTraceBehavior [ RunTime:0.000378s ]
INFO: [ app_end ] --END-- [ RunTime:0.000410s ]

[ 2016-02-22T14:35:13+08:00 ] 172.16.220.113 /CityTempPHP/index.php/Home/CityTemp/cityTemp?CityName=%E5%8C%97%E4%BA%AC&json&_=1456122907852
INFO: [ app_init ] --START--
INFO: Run Behavior\BuildLiteBehavior [ RunTime:0.000021s ]
INFO: [ app_init ] --END-- [ RunTime:0.000423s ]
INFO: [ app_begin ] --START--
INFO: Run Behavior\ReadHtmlCacheBehavior [ RunTime:0.000514s ]
INFO: [ app_begin ] --END-- [ RunTime:0.000561s ]
NOTIC: [2] session_start(): open(D:/Program Files/php-5.6.15-Win32-VC11-x86/custom/session\sess_jut01bqqri1o6e1ka9qjldgcp1, O_RDWR) failed: No such file or directory (2) V:\webRoot\CityTempPHP\ThinkPHP\Common\functions.php ç¬¬ 1263 è¡Œ.
SQL: SHOW COLUMNS FROM `citystationviewmodels` [ RunTime:0.0325s ]
SQL: SHOW COLUMNS FROM `citytemperature_db`.`citystationviewmodels` [ RunTime:0.0005s ]
SQL: SELECT `station` FROM citytemperature_db.citystationviewmodels WHERE ( city = "åŒ—äº¬" )  [ RunTime:1.4478s ]
SQL: SHOW COLUMNS FROM `citytemperature_db`.`citytempviewmodels` [ RunTime:0.0099s ]
NOTIC: [8] Use of undefined constant station - assumed 'station' V:\webRoot\CityTempPHP\Application\Home\Model\CityTempModel.class.php ç¬¬ 14 è¡Œ.
SQL: SELECT `temperature`,`time` FROM citytemperature_db.citytempviewmodels WHERE ( station = 54511 )  [ RunTime:2.9081s ]

[ 2016-02-22T14:36:20+08:00 ] 172.16.220.113 /citytempphp/
INFO: [ app_init ] --START--
INFO: Run Behavior\BuildLiteBehavior [ RunTime:0.000013s ]
INFO: [ app_init ] --END-- [ RunTime:0.000371s ]
INFO: [ app_begin ] --START--
INFO: Run Behavior\ReadHtmlCacheBehavior [ RunTime:0.000471s ]
INFO: [ app_begin ] --END-- [ RunTime:0.000518s ]
NOTIC: [2] session_start(): open(D:/Program Files/php-5.6.15-Win32-VC11-x86/custom/session\sess_jut01bqqri1o6e1ka9qjldgcp1, O_RDWR) failed: No such file or directory (2) V:\webRoot\CityTempPHP\ThinkPHP\Common\functions.php ç¬¬ 1263 è¡Œ.
INFO: [ view_parse ] --START--
INFO: [ template_filter ] --START--
INFO: Run Behavior\ContentReplaceBehavior [ RunTime:0.000038s ]
INFO: [ template_filter ] --END-- [ RunTime:0.000082s ]
INFO: Run Behavior\ParseTemplateBehavior [ RunTime:0.004808s ]
INFO: [ view_parse ] --END-- [ RunTime:0.004852s ]
INFO: [ view_filter ] --START--
INFO: Run Behavior\WriteHtmlCacheBehavior [ RunTime:0.000240s ]
INFO: [ view_filter ] --END-- [ RunTime:0.000270s ]
INFO: [ app_end ] --START--
INFO: Run Behavior\ShowPageTraceBehavior [ RunTime:0.000381s ]
INFO: [ app_end ] --END-- [ RunTime:0.000413s ]

[ 2016-02-22T14:36:25+08:00 ] 172.16.220.113 /CityTempPHP/index.php/Home/CityTemp/cityTemp?CityName=%E5%8C%97%E4%BA%AC&json&_=1456122980486
INFO: [ app_init ] --START--
INFO: Run Behavior\BuildLiteBehavior [ RunTime:0.000025s ]
INFO: [ app_init ] --END-- [ RunTime:0.000463s ]
INFO: [ app_begin ] --START--
INFO: Run Behavior\ReadHtmlCacheBehavior [ RunTime:0.000371s ]
INFO: [ app_begin ] --END-- [ RunTime:0.000420s ]
NOTIC: [2] session_start(): open(D:/Program Files/php-5.6.15-Win32-VC11-x86/custom/session\sess_jut01bqqri1o6e1ka9qjldgcp1, O_RDWR) failed: No such file or directory (2) V:\webRoot\CityTempPHP\ThinkPHP\Common\functions.php ç¬¬ 1263 è¡Œ.
SQL: SHOW COLUMNS FROM `citystationviewmodels` [ RunTime:0.0014s ]
SQL: SHOW COLUMNS FROM `citytemperature_db`.`citystationviewmodels` [ RunTime:0.0005s ]
SQL: SELECT `station` FROM citytemperature_db.citystationviewmodels WHERE ( city = "åŒ—äº¬" )  [ RunTime:1.6144s ]
SQL: SHOW COLUMNS FROM `citytemperature_db`.`citytempviewmodels` [ RunTime:0.0153s ]
NOTIC: [8] Use of undefined constant station - assumed 'station' V:\webRoot\CityTempPHP\Application\Home\Model\CityTempModel.class.php ç¬¬ 14 è¡Œ.
SQL: SELECT `temperature`,`time` FROM citytemperature_db.citytempviewmodels WHERE ( station = 54511 )  [ RunTime:2.6730s ]

[ 2016-02-22T14:37:25+08:00 ] 172.16.220.113 /citytempphp/
INFO: [ app_init ] --START--
INFO: Run Behavior\BuildLiteBehavior [ RunTime:0.000012s ]
INFO: [ app_init ] --END-- [ RunTime:0.000308s ]
INFO: [ app_begin ] --START--
INFO: Run Behavior\ReadHtmlCacheBehavior [ RunTime:0.000494s ]
INFO: [ app_begin ] --END-- [ RunTime:0.000542s ]
NOTIC: [2] session_start(): open(D:/Program Files/php-5.6.15-Win32-VC11-x86/custom/session\sess_jut01bqqri1o6e1ka9qjldgcp1, O_RDWR) failed: No such file or directory (2) V:\webRoot\CityTempPHP\ThinkPHP\Common\functions.php ç¬¬ 1263 è¡Œ.
INFO: [ view_parse ] --START--
INFO: [ template_filter ] --START--
INFO: Run Behavior\ContentReplaceBehavior [ RunTime:0.000039s ]
INFO: [ template_filter ] --END-- [ RunTime:0.000083s ]
INFO: Run Behavior\ParseTemplateBehavior [ RunTime:0.004616s ]
INFO: [ view_parse ] --END-- [ RunTime:0.004661s ]
INFO: [ view_filter ] --START--
INFO: Run Behavior\WriteHtmlCacheBehavior [ RunTime:0.000157s ]
INFO: [ view_filter ] --END-- [ RunTime:0.000193s ]
INFO: [ app_end ] --START--
INFO: Run Behavior\ShowPageTraceBehavior [ RunTime:0.000314s ]
INFO: [ app_end ] --END-- [ RunTime:0.000345s ]

[ 2016-02-22T14:37:30+08:00 ] 172.16.220.113 /CityTempPHP/index.php/Home/CityTemp/cityTemp?CityName=%E5%8C%97%E4%BA%AC&json&_=1456123045577
INFO: [ app_init ] --START--
INFO: Run Behavior\BuildLiteBehavior [ RunTime:0.000010s ]
INFO: [ app_init ] --END-- [ RunTime:0.000292s ]
INFO: [ app_begin ] --START--
INFO: Run Behavior\ReadHtmlCacheBehavior [ RunTime:0.000394s ]
INFO: [ app_begin ] --END-- [ RunTime:0.000429s ]
NOTIC: [2] session_start(): open(D:/Program Files/php-5.6.15-Win32-VC11-x86/custom/session\sess_jut01bqqri1o6e1ka9qjldgcp1, O_RDWR) failed: No such file or directory (2) V:\webRoot\CityTempPHP\ThinkPHP\Common\functions.php ç¬¬ 1263 è¡Œ.
SQL: SHOW COLUMNS FROM `citystationviewmodels` [ RunTime:0.0338s ]
SQL: SHOW COLUMNS FROM `citytemperature_db`.`citystationviewmodels` [ RunTime:0.0006s ]
SQL: SELECT `station` FROM citytemperature_db.citystationviewmodels WHERE ( city = "åŒ—äº¬" )  [ RunTime:1.5167s ]
SQL: SHOW COLUMNS FROM `citytemperature_db`.`citytempviewmodels` [ RunTime:0.0154s ]
NOTIC: [8] Use of undefined constant station - assumed 'station' V:\webRoot\CityTempPHP\Application\Home\Model\CityTempModel.class.php ç¬¬ 14 è¡Œ.
SQL: SELECT `temperature`,`time` FROM citytemperature_db.citytempviewmodels WHERE ( station = 54511 )  [ RunTime:2.8788s ]

[ 2016-02-22T14:38:10+08:00 ] 172.16.220.113 /citytempphp/
INFO: [ app_init ] --START--
INFO: Run Behavior\BuildLiteBehavior [ RunTime:0.000068s ]
INFO: [ app_init ] --END-- [ RunTime:0.000417s ]
INFO: [ app_begin ] --START--
INFO: Run Behavior\ReadHtmlCacheBehavior [ RunTime:0.000463s ]
INFO: [ app_begin ] --END-- [ RunTime:0.000505s ]
NOTIC: [2] session_start(): open(D:/Program Files/php-5.6.15-Win32-VC11-x86/custom/session\sess_jut01bqqri1o6e1ka9qjldgcp1, O_RDWR) failed: No such file or directory (2) V:\webRoot\CityTempPHP\ThinkPHP\Common\functions.php ç¬¬ 1263 è¡Œ.
INFO: [ view_parse ] --START--
INFO: [ template_filter ] --START--
INFO: Run Behavior\ContentReplaceBehavior [ RunTime:0.000039s ]
INFO: [ template_filter ] --END-- [ RunTime:0.000082s ]
INFO: Run Behavior\ParseTemplateBehavior [ RunTime:0.004943s ]
INFO: [ view_parse ] --END-- [ RunTime:0.004988s ]
INFO: [ view_filter ] --START--
INFO: Run Behavior\WriteHtmlCacheBehavior [ RunTime:0.000247s ]
INFO: [ view_filter ] --END-- [ RunTime:0.000280s ]
INFO: [ app_end ] --START--
INFO: Run Behavior\ShowPageTraceBehavior [ RunTime:0.000479s ]
INFO: [ app_end ] --END-- [ RunTime:0.000517s ]

[ 2016-02-22T14:38:16+08:00 ] 172.16.220.113 /CityTempPHP/index.php/Home/CityTemp/cityTemp?CityName=%E5%8C%97%E4%BA%AC&json&_=1456123091295
INFO: [ app_init ] --START--
INFO: Run Behavior\BuildLiteBehavior [ RunTime:0.000010s ]
INFO: [ app_init ] --END-- [ RunTime:0.000261s ]
INFO: [ app_begin ] --START--
INFO: Run Behavior\ReadHtmlCacheBehavior [ RunTime:0.000354s ]
INFO: [ app_begin ] --END-- [ RunTime:0.000388s ]
NOTIC: [2] session_start(): open(D:/Program Files/php-5.6.15-Win32-VC11-x86/custom/session\sess_jut01bqqri1o6e1ka9qjldgcp1, O_RDWR) failed: No such file or directory (2) V:\webRoot\CityTempPHP\ThinkPHP\Common\functions.php ç¬¬ 1263 è¡Œ.
SQL: SHOW COLUMNS FROM `citystationviewmodels` [ RunTime:0.0072s ]
SQL: SHOW COLUMNS FROM `citytemperature_db`.`citystationviewmodels` [ RunTime:0.0005s ]
SQL: SELECT `station` FROM citytemperature_db.citystationviewmodels WHERE ( city = "åŒ—äº¬" )  [ RunTime:1.4304s ]
SQL: SHOW COLUMNS FROM `citytemperature_db`.`citytempviewmodels` [ RunTime:0.0011s ]
NOTIC: [8] Use of undefined constant station - assumed 'station' V:\webRoot\CityTempPHP\Application\Home\Model\CityTempModel.class.php ç¬¬ 14 è¡Œ.
SQL: SELECT `temperature`,`time` FROM citytemperature_db.citytempviewmodels WHERE ( station = 54511 )  [ RunTime:3.1702s ]

[ 2016-02-22T14:38:25+08:00 ] 172.16.220.113 /citytempphp/
INFO: [ app_init ] --START--
INFO: Run Behavior\BuildLiteBehavior [ RunTime:0.000012s ]
INFO: [ app_init ] --END-- [ RunTime:0.000303s ]
INFO: [ app_begin ] --START--
INFO: Run Behavior\ReadHtmlCacheBehavior [ RunTime:0.000420s ]
INFO: [ app_begin ] --END-- [ RunTime:0.000460s ]
NOTIC: [2] session_start(): open(D:/Program Files/php-5.6.15-Win32-VC11-x86/custom/session\sess_jut01bqqri1o6e1ka9qjldgcp1, O_RDWR) failed: No such file or directory (2) V:\webRoot\CityTempPHP\ThinkPHP\Common\functions.php ç¬¬ 1263 è¡Œ.
INFO: [ view_parse ] --START--
INFO: [ template_filter ] --START--
INFO: Run Behavior\ContentReplaceBehavior [ RunTime:0.000037s ]
INFO: [ template_filter ] --END-- [ RunTime:0.000082s ]
INFO: Run Behavior\ParseTemplateBehavior [ RunTime:0.005152s ]
INFO: [ view_parse ] --END-- [ RunTime:0.005191s ]
INFO: [ view_filter ] --START--
INFO: Run Behavior\WriteHtmlCacheBehavior [ RunTime:0.000227s ]
INFO: [ view_filter ] --END-- [ RunTime:0.000257s ]
INFO: [ app_end ] --START--
INFO: Run Behavior\ShowPageTraceBehavior [ RunTime:0.000376s ]
INFO: [ app_end ] --END-- [ RunTime:0.000409s ]

[ 2016-02-22T14:38:30+08:00 ] 172.16.220.113 /CityTempPHP/index.php/Home/CityTemp/cityTemp?CityName=%E5%8C%97%E4%BA%AC&json&_=1456123105870
INFO: [ app_init ] --START--
INFO: Run Behavior\BuildLiteBehavior [ RunTime:0.000011s ]
INFO: [ app_init ] --END-- [ RunTime:0.000300s ]
INFO: [ app_begin ] --START--
INFO: Run Behavior\ReadHtmlCacheBehavior [ RunTime:0.000323s ]
INFO: [ app_begin ] --END-- [ RunTime:0.000355s ]
NOTIC: [2] session_start(): open(D:/Program Files/php-5.6.15-Win32-VC11-x86/custom/session\sess_jut01bqqri1o6e1ka9qjldgcp1, O_RDWR) failed: No such file or directory (2) V:\webRoot\CityTempPHP\ThinkPHP\Common\functions.php ç¬¬ 1263 è¡Œ.
SQL: SHOW COLUMNS FROM `citystationviewmodels` [ RunTime:0.0155s ]
SQL: SHOW COLUMNS FROM `citytemperature_db`.`citystationviewmodels` [ RunTime:0.0005s ]
SQL: SELECT `station` FROM citytemperature_db.citystationviewmodels WHERE ( city = "åŒ—äº¬" )  [ RunTime:1.4072s ]
SQL: SHOW COLUMNS FROM `citytemperature_db`.`citytempviewmodels` [ RunTime:0.0086s ]
NOTIC: [8] Use of undefined constant station - assumed 'station' V:\webRoot\CityTempPHP\Application\Home\Model\CityTempModel.class.php ç¬¬ 14 è¡Œ.
SQL: SELECT `temperature`,`time` FROM citytemperature_db.citytempviewmodels WHERE ( station = 54511 )  [ RunTime:2.7121s ]

[ 2016-02-22T14:38:35+08:00 ] 172.16.220.113 /citytempphp/
INFO: [ app_init ] --START--
INFO: Run Behavior\BuildLiteBehavior [ RunTime:0.000027s ]
INFO: [ app_init ] --END-- [ RunTime:0.000531s ]
INFO: [ app_begin ] --START--
INFO: Run Behavior\ReadHtmlCacheBehavior [ RunTime:0.000427s ]
INFO: [ app_begin ] --END-- [ RunTime:0.000480s ]
NOTIC: [2] session_start(): open(D:/Program Files/php-5.6.15-Win32-VC11-x86/custom/session\sess_jut01bqqri1o6e1ka9qjldgcp1, O_RDWR) failed: No such file or directory (2) V:\webRoot\CityTempPHP\ThinkPHP\Common\functions.php ç¬¬ 1263 è¡Œ.
INFO: [ view_parse ] --START--
INFO: [ template_filter ] --START--
INFO: Run Behavior\ContentReplaceBehavior [ RunTime:0.000077s ]
INFO: [ template_filter ] --END-- [ RunTime:0.000175s ]
INFO: Run Behavior\ParseTemplateBehavior [ RunTime:0.005896s ]
INFO: [ view_parse ] --END-- [ RunTime:0.005952s ]
INFO: [ view_filter ] --START--
INFO: Run Behavior\WriteHtmlCacheBehavior [ RunTime:0.000268s ]
INFO: [ view_filter ] --END-- [ RunTime:0.000300s ]
INFO: [ app_end ] --START--
INFO: Run Behavior\ShowPageTraceBehavior [ RunTime:0.000412s ]
INFO: [ app_end ] --END-- [ RunTime:0.000456s ]

[ 2016-02-22T14:38:40+08:00 ] 172.16.220.113 /CityTempPHP/index.php/Home/CityTemp/cityTemp?CityName=%E5%8C%97%E4%BA%AC&json&_=1456123115503
INFO: [ app_init ] --START--
INFO: Run Behavior\BuildLiteBehavior [ RunTime:0.000016s ]
INFO: [ app_init ] --END-- [ RunTime:0.000395s ]
INFO: [ app_begin ] --START--
INFO: Run Behavior\ReadHtmlCacheBehavior [ RunTime:0.000588s ]
INFO: [ app_begin ] --END-- [ RunTime:0.000634s ]
NOTIC: [2] session_start(): open(D:/Program Files/php-5.6.15-Win32-VC11-x86/custom/session\sess_jut01bqqri1o6e1ka9qjldgcp1, O_RDWR) failed: No such file or directory (2) V:\webRoot\CityTempPHP\ThinkPHP\Common\functions.php ç¬¬ 1263 è¡Œ.
SQL: SHOW COLUMNS FROM `citystationviewmodels` [ RunTime:0.0012s ]
SQL: SHOW COLUMNS FROM `citytemperature_db`.`citystationviewmodels` [ RunTime:0.0006s ]
SQL: SELECT `station` FROM citytemperature_db.citystationviewmodels WHERE ( city = "åŒ—äº¬" )  [ RunTime:1.6661s ]
SQL: SHOW COLUMNS FROM `citytemperature_db`.`citytempviewmodels` [ RunTime:0.0033s ]
NOTIC: [8] Use of undefined constant station - assumed 'station' V:\webRoot\CityTempPHP\Application\Home\Model\CityTempModel.class.php ç¬¬ 14 è¡Œ.
SQL: SELECT `temperature`,`time` FROM citytemperature_db.citytempviewmodels WHERE ( station = 54511 )  [ RunTime:2.6500s ]

[ 2016-02-22T14:39:57+08:00 ] 172.16.220.113 /CityTempPHP/index.php/Home/CityTemp/cityTemp?CityName=%E5%93%88%E5%B0%94%E6%BB%A8&json&_=1456123115504
INFO: [ app_init ] --START--
INFO: Run Behavior\BuildLiteBehavior [ RunTime:0.000011s ]
INFO: [ app_init ] --END-- [ RunTime:0.000281s ]
INFO: [ app_begin ] --START--
INFO: Run Behavior\ReadHtmlCacheBehavior [ RunTime:0.000330s ]
INFO: [ app_begin ] --END-- [ RunTime:0.000365s ]
NOTIC: [2] session_start(): open(D:/Program Files/php-5.6.15-Win32-VC11-x86/custom/session\sess_jut01bqqri1o6e1ka9qjldgcp1, O_RDWR) failed: No such file or directory (2) V:\webRoot\CityTempPHP\ThinkPHP\Common\functions.php ç¬¬ 1263 è¡Œ.
SQL: SHOW COLUMNS FROM `citystationviewmodels` [ RunTime:0.0435s ]
SQL: SHOW COLUMNS FROM `citytemperature_db`.`citystationviewmodels` [ RunTime:0.0005s ]
SQL: SELECT `station` FROM citytemperature_db.citystationviewmodels WHERE ( city = "å“ˆå°”æ»¨" )  [ RunTime:1.4641s ]
SQL: SHOW COLUMNS FROM `citytemperature_db`.`citytempviewmodels` [ RunTime:0.0127s ]
NOTIC: [8] Use of undefined constant station - assumed 'station' V:\webRoot\CityTempPHP\Application\Home\Model\CityTempModel.class.php ç¬¬ 14 è¡Œ.
SQL: SELECT `temperature`,`time` FROM citytemperature_db.citytempviewmodels WHERE ( station = 50953 )  [ RunTime:2.5835s ]

[ 2016-02-22T14:41:23+08:00 ] 172.16.220.113 /citytempphp/
INFO: [ app_init ] --START--
INFO: Run Behavior\BuildLiteBehavior [ RunTime:0.000025s ]
INFO: [ app_init ] --END-- [ RunTime:0.000368s ]
INFO: [ app_begin ] --START--
INFO: Run Behavior\ReadHtmlCacheBehavior [ RunTime:0.000641s ]
INFO: [ app_begin ] --END-- [ RunTime:0.000711s ]
NOTIC: [2] session_start(): open(D:/Program Files/php-5.6.15-Win32-VC11-x86/custom/session\sess_jut01bqqri1o6e1ka9qjldgcp1, O_RDWR) failed: No such file or directory (2) V:\webRoot\CityTempPHP\ThinkPHP\Common\functions.php ç¬¬ 1263 è¡Œ.
INFO: [ view_parse ] --START--
INFO: [ template_filter ] --START--
INFO: Run Behavior\ContentReplaceBehavior [ RunTime:0.000045s ]
INFO: [ template_filter ] --END-- [ RunTime:0.000099s ]
INFO: Run Behavior\ParseTemplateBehavior [ RunTime:0.006886s ]
INFO: [ view_parse ] --END-- [ RunTime:0.006963s ]
INFO: [ view_filter ] --START--
INFO: Run Behavior\WriteHtmlCacheBehavior [ RunTime:0.000276s ]
INFO: [ view_filter ] --END-- [ RunTime:0.000307s ]
INFO: [ app_end ] --START--
INFO: Run Behavior\ShowPageTraceBehavior [ RunTime:0.000403s ]
INFO: [ app_end ] --END-- [ RunTime:0.000435s ]

[ 2016-02-22T14:41:28+08:00 ] 172.16.220.113 /CityTempPHP/index.php/Home/CityTemp/cityTemp?CityName=%E5%8C%97%E4%BA%AC&json&_=1456123284034
INFO: [ app_init ] --START--
INFO: Run Behavior\BuildLiteBehavior [ RunTime:0.000010s ]
INFO: [ app_init ] --END-- [ RunTime:0.000300s ]
INFO: [ app_begin ] --START--
INFO: Run Behavior\ReadHtmlCacheBehavior [ RunTime:0.000420s ]
INFO: [ app_begin ] --END-- [ RunTime:0.000458s ]
NOTIC: [2] session_start(): open(D:/Program Files/php-5.6.15-Win32-VC11-x86/custom/session\sess_jut01bqqri1o6e1ka9qjldgcp1, O_RDWR) failed: No such file or directory (2) V:\webRoot\CityTempPHP\ThinkPHP\Common\functions.php ç¬¬ 1263 è¡Œ.
SQL: SHOW COLUMNS FROM `citystationviewmodels` [ RunTime:0.0202s ]
SQL: SHOW COLUMNS FROM `citytemperature_db`.`citystationviewmodels` [ RunTime:0.0006s ]
SQL: SELECT `station` FROM citytemperature_db.citystationviewmodels WHERE ( city = "åŒ—äº¬" )  [ RunTime:1.5069s ]
SQL: SHOW COLUMNS FROM `citytemperature_db`.`citytempviewmodels` [ RunTime:0.0085s ]
NOTIC: [8] Use of undefined constant station - assumed 'station' V:\webRoot\CityTempPHP\Application\Home\Model\CityTempModel.class.php ç¬¬ 14 è¡Œ.
SQL: SELECT `temperature`,`time` FROM citytemperature_db.citytempviewmodels WHERE ( station = 54511 )  [ RunTime:2.6573s ]

[ 2016-02-22T14:41:42+08:00 ] 172.16.220.113 /citytempphp/
INFO: [ app_init ] --START--
INFO: Run Behavior\BuildLiteBehavior [ RunTime:0.000020s ]
INFO: [ app_init ] --END-- [ RunTime:0.000394s ]
INFO: [ app_begin ] --START--
INFO: Run Behavior\ReadHtmlCacheBehavior [ RunTime:0.000604s ]
INFO: [ app_begin ] --END-- [ RunTime:0.000684s ]
NOTIC: [2] session_start(): open(D:/Program Files/php-5.6.15-Win32-VC11-x86/custom/session\sess_jut01bqqri1o6e1ka9qjldgcp1, O_RDWR) failed: No such file or directory (2) V:\webRoot\CityTempPHP\ThinkPHP\Common\functions.php ç¬¬ 1263 è¡Œ.
INFO: [ view_parse ] --START--
INFO: [ template_filter ] --START--
INFO: Run Behavior\ContentReplaceBehavior [ RunTime:0.000069s ]
INFO: [ template_filter ] --END-- [ RunTime:0.000169s ]
INFO: Run Behavior\ParseTemplateBehavior [ RunTime:0.007417s ]
INFO: [ view_parse ] --END-- [ RunTime:0.007506s ]
INFO: [ view_filter ] --START--
INFO: Run Behavior\WriteHtmlCacheBehavior [ RunTime:0.000363s ]
INFO: [ view_filter ] --END-- [ RunTime:0.000400s ]
INFO: [ app_end ] --START--
INFO: Run Behavior\ShowPageTraceBehavior [ RunTime:0.000519s ]
INFO: [ app_end ] --END-- [ RunTime:0.000569s ]

[ 2016-02-22T14:41:47+08:00 ] 172.16.220.113 /CityTempPHP/index.php/Home/CityTemp/cityTemp?CityName=%E5%8C%97%E4%BA%AC&json&_=1456123302923
INFO: [ app_init ] --START--
INFO: Run Behavior\BuildLiteBehavior [ RunTime:0.000019s ]
INFO: [ app_init ] --END-- [ RunTime:0.000286s ]
INFO: [ app_begin ] --START--
INFO: Run Behavior\ReadHtmlCacheBehavior [ RunTime:0.000429s ]
INFO: [ app_begin ] --END-- [ RunTime:0.000464s ]
NOTIC: [2] session_start(): open(D:/Program Files/php-5.6.15-Win32-VC11-x86/custom/session\sess_jut01bqqri1o6e1ka9qjldgcp1, O_RDWR) failed: No such file or directory (2) V:\webRoot\CityTempPHP\ThinkPHP\Common\functions.php ç¬¬ 1263 è¡Œ.
SQL: SHOW COLUMNS FROM `citystationviewmodels` [ RunTime:0.0194s ]
SQL: SHOW COLUMNS FROM `citytemperature_db`.`citystationviewmodels` [ RunTime:0.0006s ]
SQL: SELECT `station` FROM citytemperature_db.citystationviewmodels WHERE ( city = "åŒ—äº¬" )  [ RunTime:1.5050s ]
SQL: SHOW COLUMNS FROM `citytemperature_db`.`citytempviewmodels` [ RunTime:0.0189s ]
NOTIC: [8] Use of undefined constant station - assumed 'station' V:\webRoot\CityTempPHP\Application\Home\Model\CityTempModel.class.php ç¬¬ 14 è¡Œ.
SQL: SELECT `temperature`,`time` FROM citytemperature_db.citytempviewmodels WHERE ( station = 54511 )  [ RunTime:2.6607s ]

[ 2016-02-22T14:42:11+08:00 ] 172.16.220.113 /citytempphp/
INFO: [ app_init ] --START--
INFO: Run Behavior\BuildLiteBehavior [ RunTime:0.000018s ]
INFO: [ app_init ] --END-- [ RunTime:0.000425s ]
INFO: [ app_begin ] --START--
INFO: Run Behavior\ReadHtmlCacheBehavior [ RunTime:0.001141s ]
INFO: [ app_begin ] --END-- [ RunTime:0.001255s ]
NOTIC: [2] session_start(): open(D:/Program Files/php-5.6.15-Win32-VC11-x86/custom/session\sess_jut01bqqri1o6e1ka9qjldgcp1, O_RDWR) failed: No such file or directory (2) V:\webRoot\CityTempPHP\ThinkPHP\Common\functions.php ç¬¬ 1263 è¡Œ.
INFO: [ view_parse ] --START--
INFO: [ template_filter ] --START--
INFO: Run Behavior\ContentReplaceBehavior [ RunTime:0.000065s ]
INFO: [ template_filter ] --END-- [ RunTime:0.000124s ]
INFO: Run Behavior\ParseTemplateBehavior [ RunTime:0.006803s ]
INFO: [ view_parse ] --END-- [ RunTime:0.006902s ]
INFO: [ view_filter ] --START--
INFO: Run Behavior\WriteHtmlCacheBehavior [ RunTime:0.000327s ]
INFO: [ view_filter ] --END-- [ RunTime:0.000362s ]
INFO: [ app_end ] --START--
INFO: Run Behavior\ShowPageTraceBehavior [ RunTime:0.000454s ]
INFO: [ app_end ] --END-- [ RunTime:0.000499s ]

[ 2016-02-22T14:42:16+08:00 ] 172.16.220.113 /CityTempPHP/index.php/Home/CityTemp/cityTemp?CityName=%E5%8C%97%E4%BA%AC&json&_=1456123331660
INFO: [ app_init ] --START--
INFO: Run Behavior\BuildLiteBehavior [ RunTime:0.000014s ]
INFO: [ app_init ] --END-- [ RunTime:0.000339s ]
INFO: [ app_begin ] --START--
INFO: Run Behavior\ReadHtmlCacheBehavior [ RunTime:0.000413s ]
INFO: [ app_begin ] --END-- [ RunTime:0.000458s ]
NOTIC: [2] session_start(): open(D:/Program Files/php-5.6.15-Win32-VC11-x86/custom/session\sess_jut01bqqri1o6e1ka9qjldgcp1, O_RDWR) failed: No such file or directory (2) V:\webRoot\CityTempPHP\ThinkPHP\Common\functions.php ç¬¬ 1263 è¡Œ.
SQL: SHOW COLUMNS FROM `citystationviewmodels` [ RunTime:0.0201s ]
SQL: SHOW COLUMNS FROM `citytemperature_db`.`citystationviewmodels` [ RunTime:0.0006s ]
SQL: SELECT `station` FROM citytemperature_db.citystationviewmodels WHERE ( city = "åŒ—äº¬" )  [ RunTime:1.4497s ]
SQL: SHOW COLUMNS FROM `citytemperature_db`.`citytempviewmodels` [ RunTime:0.0075s ]
NOTIC: [8] Use of undefined constant station - assumed 'station' V:\webRoot\CityTempPHP\Application\Home\Model\CityTempModel.class.php ç¬¬ 14 è¡Œ.
SQL: SELECT `temperature`,`time` FROM citytemperature_db.citytempviewmodels WHERE ( station = 54511 )  [ RunTime:2.6708s ]

[ 2016-02-22T14:42:29+08:00 ] 172.16.220.113 /citytempphp/
INFO: [ app_init ] --START--
INFO: Run Behavior\BuildLiteBehavior [ RunTime:0.000010s ]
INFO: [ app_init ] --END-- [ RunTime:0.000251s ]
INFO: [ app_begin ] --START--
INFO: Run Behavior\ReadHtmlCacheBehavior [ RunTime:0.000319s ]
INFO: [ app_begin ] --END-- [ RunTime:0.000364s ]
NOTIC: [2] session_start(): open(D:/Program Files/php-5.6.15-Win32-VC11-x86/custom/session\sess_jut01bqqri1o6e1ka9qjldgcp1, O_RDWR) failed: No such file or directory (2) V:\webRoot\CityTempPHP\ThinkPHP\Common\functions.php ç¬¬ 1263 è¡Œ.
INFO: [ view_parse ] --START--
INFO: [ template_filter ] --START--
INFO: Run Behavior\ContentReplaceBehavior [ RunTime:0.000056s ]
INFO: [ template_filter ] --END-- [ RunTime:0.000131s ]
INFO: Run Behavior\ParseTemplateBehavior [ RunTime:0.005998s ]
INFO: [ view_parse ] --END-- [ RunTime:0.006084s ]
INFO: [ view_filter ] --START--
INFO: Run Behavior\WriteHtmlCacheBehavior [ RunTime:0.000312s ]
INFO: [ view_filter ] --END-- [ RunTime:0.000356s ]
INFO: [ app_end ] --START--
INFO: Run Behavior\ShowPageTraceBehavior [ RunTime:0.001009s ]
INFO: [ app_end ] --END-- [ RunTime:0.001076s ]

[ 2016-02-22T14:42:34+08:00 ] 172.16.220.113 /CityTempPHP/index.php/Home/CityTemp/cityTemp?CityName=%E5%8C%97%E4%BA%AC&json&_=1456123350491
INFO: [ app_init ] --START--
INFO: Run Behavior\BuildLiteBehavior [ RunTime:0.000010s ]
INFO: [ app_init ] --END-- [ RunTime:0.000281s ]
INFO: [ app_begin ] --START--
INFO: Run Behavior\ReadHtmlCacheBehavior [ RunTime:0.000386s ]
INFO: [ app_begin ] --END-- [ RunTime:0.000423s ]
NOTIC: [2] session_start(): open(D:/Program Files/php-5.6.15-Win32-VC11-x86/custom/session\sess_jut01bqqri1o6e1ka9qjldgcp1, O_RDWR) failed: No such file or directory (2) V:\webRoot\CityTempPHP\ThinkPHP\Common\functions.php ç¬¬ 1263 è¡Œ.
SQL: SHOW COLUMNS FROM `citystationviewmodels` [ RunTime:0.0198s ]
SQL: SHOW COLUMNS FROM `citytemperature_db`.`citystationviewmodels` [ RunTime:0.0005s ]
SQL: SELECT `station` FROM citytemperature_db.citystationviewmodels WHERE ( city = "åŒ—äº¬" )  [ RunTime:1.4132s ]
SQL: SHOW COLUMNS FROM `citytemperature_db`.`citytempviewmodels` [ RunTime:0.0006s ]
NOTIC: [8] Use of undefined constant station - assumed 'station' V:\webRoot\CityTempPHP\Application\Home\Model\CityTempModel.class.php ç¬¬ 14 è¡Œ.
SQL: SELECT `temperature`,`time` FROM citytemperature_db.citytempviewmodels WHERE ( station = 54511 )  [ RunTime:2.6331s ]

[ 2016-02-22T14:42:45+08:00 ] 172.16.220.113 /CityTempPHP/index.php/Home/CityTemp/cityTemp?CityName=%E5%A4%A9%E6%B4%A5&json&_=1456123350492
INFO: [ app_init ] --START--
INFO: Run Behavior\BuildLiteBehavior [ RunTime:0.000012s ]
INFO: [ app_init ] --END-- [ RunTime:0.000325s ]
INFO: [ app_begin ] --START--
INFO: Run Behavior\ReadHtmlCacheBehavior [ RunTime:0.000326s ]
INFO: [ app_begin ] --END-- [ RunTime:0.000361s ]
NOTIC: [2] session_start(): open(D:/Program Files/php-5.6.15-Win32-VC11-x86/custom/session\sess_jut01bqqri1o6e1ka9qjldgcp1, O_RDWR) failed: No such file or directory (2) V:\webRoot\CityTempPHP\ThinkPHP\Common\functions.php ç¬¬ 1263 è¡Œ.
SQL: SHOW COLUMNS FROM `citystationviewmodels` [ RunTime:0.0177s ]
SQL: SHOW COLUMNS FROM `citytemperature_db`.`citystationviewmodels` [ RunTime:0.0007s ]
SQL: SELECT `station` FROM citytemperature_db.citystationviewmodels WHERE ( city = "å¤©æ´¥" )  [ RunTime:2.0024s ]
SQL: SHOW COLUMNS FROM `citytemperature_db`.`citytempviewmodels` [ RunTime:0.0141s ]
NOTIC: [8] Use of undefined constant station - assumed 'station' V:\webRoot\CityTempPHP\Application\Home\Model\CityTempModel.class.php ç¬¬ 14 è¡Œ.
SQL: SELECT `temperature`,`time` FROM citytemperature_db.citytempviewmodels WHERE ( station = 54517 )  [ RunTime:2.7603s ]

[ 2016-02-22T14:42:55+08:00 ] 172.16.220.113 /CityTempPHP/index.php/Home/CityTemp/cityTemp?CityName=%E5%8C%97%E4%BA%AC&json&_=1456123350493
INFO: [ app_init ] --START--
INFO: Run Behavior\BuildLiteBehavior [ RunTime:0.000012s ]
INFO: [ app_init ] --END-- [ RunTime:0.000261s ]
INFO: [ app_begin ] --START--
INFO: Run Behavior\ReadHtmlCacheBehavior [ RunTime:0.000333s ]
INFO: [ app_begin ] --END-- [ RunTime:0.000374s ]
NOTIC: [2] session_start(): open(D:/Program Files/php-5.6.15-Win32-VC11-x86/custom/session\sess_jut01bqqri1o6e1ka9qjldgcp1, O_RDWR) failed: No such file or directory (2) V:\webRoot\CityTempPHP\ThinkPHP\Common\functions.php ç¬¬ 1263 è¡Œ.
SQL: SHOW COLUMNS FROM `citystationviewmodels` [ RunTime:0.0118s ]
SQL: SHOW COLUMNS FROM `citytemperature_db`.`citystationviewmodels` [ RunTime:0.0005s ]
SQL: SELECT `station` FROM citytemperature_db.citystationviewmodels WHERE ( city = "åŒ—äº¬" )  [ RunTime:1.4159s ]
SQL: SHOW COLUMNS FROM `citytemperature_db`.`citytempviewmodels` [ RunTime:0.0010s ]
NOTIC: [8] Use of undefined constant station - assumed 'station' V:\webRoot\CityTempPHP\Application\Home\Model\CityTempModel.class.php ç¬¬ 14 è¡Œ.
SQL: SELECT `temperature`,`time` FROM citytemperature_db.citytempviewmodels WHERE ( station = 54511 )  [ RunTime:2.6546s ]

[ 2016-02-22T15:32:04+08:00 ] 172.16.220.113 /citytempphp/
INFO: [ app_init ] --START--
INFO: Run Behavior\BuildLiteBehavior [ RunTime:0.000016s ]
INFO: [ app_init ] --END-- [ RunTime:0.002761s ]
INFO: [ app_begin ] --START--
INFO: Run Behavior\ReadHtmlCacheBehavior [ RunTime:0.001227s ]
INFO: [ app_begin ] --END-- [ RunTime:0.001279s ]
NOTIC: [2] session_start(): open(D:/Program Files/php-5.6.15-Win32-VC11-x86/custom/session\sess_7f6pp1e5kilre3cvn3kpo97kf7, O_RDWR) failed: No such file or directory (2) V:\webRoot\CityTempPHP\ThinkPHP\Common\functions.php ç¬¬ 1263 è¡Œ.
INFO: [ view_parse ] --START--
INFO: [ template_filter ] --START--
INFO: Run Behavior\ContentReplaceBehavior [ RunTime:0.001890s ]
INFO: [ template_filter ] --END-- [ RunTime:0.002206s ]
INFO: Run Behavior\ParseTemplateBehavior [ RunTime:0.138949s ]
INFO: [ view_parse ] --END-- [ RunTime:0.139057s ]
INFO: [ view_filter ] --START--
INFO: Run Behavior\WriteHtmlCacheBehavior [ RunTime:0.001161s ]
INFO: [ view_filter ] --END-- [ RunTime:0.001231s ]
INFO: [ app_end ] --START--
INFO: Run Behavior\ShowPageTraceBehavior [ RunTime:0.001487s ]
INFO: [ app_end ] --END-- [ RunTime:0.001570s ]

[ 2016-02-22T15:32:07+08:00 ] 172.16.220.113 /CityTempPHP/index.php/Home/CityTemp/cityTemp?CityName=%E5%8C%97%E4%BA%AC&json&_=1456126325990
INFO: [ app_init ] --START--
INFO: Run Behavior\BuildLiteBehavior [ RunTime:0.000011s ]
INFO: [ app_init ] --END-- [ RunTime:0.000291s ]
INFO: [ app_begin ] --START--
INFO: Run Behavior\ReadHtmlCacheBehavior [ RunTime:0.000405s ]
INFO: [ app_begin ] --END-- [ RunTime:0.000441s ]
NOTIC: [2] session_start(): open(D:/Program Files/php-5.6.15-Win32-VC11-x86/custom/session\sess_7f6pp1e5kilre3cvn3kpo97kf7, O_RDWR) failed: No such file or directory (2) V:\webRoot\CityTempPHP\ThinkPHP\Common\functions.php ç¬¬ 1263 è¡Œ.
ERR: SQLSTATE[HY000] [2002] ÓÉÓÚÄ¿±ê¼ÆËã»ú»ý¼«¾Ü¾ø£¬ÎÞ·¨Á¬½Ó¡£


[ 2016-02-22T15:33:04+08:00 ] 172.16.220.113 /citytempphp/
INFO: [ app_init ] --START--
INFO: Run Behavior\BuildLiteBehavior [ RunTime:0.000015s ]
INFO: [ app_init ] --END-- [ RunTime:0.000414s ]
INFO: [ app_begin ] --START--
INFO: Run Behavior\ReadHtmlCacheBehavior [ RunTime:0.000476s ]
INFO: [ app_begin ] --END-- [ RunTime:0.000527s ]
NOTIC: [2] session_start(): open(D:/Program Files/php-5.6.15-Win32-VC11-x86/custom/session\sess_7f6pp1e5kilre3cvn3kpo97kf7, O_RDWR) failed: No such file or directory (2) V:\webRoot\CityTempPHP\ThinkPHP\Common\functions.php ç¬¬ 1263 è¡Œ.
INFO: [ view_parse ] --START--
INFO: [ template_filter ] --START--
INFO: Run Behavior\ContentReplaceBehavior [ RunTime:0.000045s ]
INFO: [ template_filter ] --END-- [ RunTime:0.000092s ]
INFO: Run Behavior\ParseTemplateBehavior [ RunTime:0.018983s ]
INFO: [ view_parse ] --END-- [ RunTime:0.019040s ]
INFO: [ view_filter ] --START--
INFO: Run Behavior\WriteHtmlCacheBehavior [ RunTime:0.000247s ]
INFO: [ view_filter ] --END-- [ RunTime:0.000282s ]
INFO: [ app_end ] --START--
INFO: Run Behavior\ShowPageTraceBehavior [ RunTime:0.000350s ]
INFO: [ app_end ] --END-- [ RunTime:0.000385s ]

[ 2016-02-22T15:33:10+08:00 ] 172.16.220.113 /CityTempPHP/index.php/Home/CityTemp/cityTemp?CityName=%E5%8C%97%E4%BA%AC&json&_=1456126385328
INFO: [ app_init ] --START--
INFO: Run Behavior\BuildLiteBehavior [ RunTime:0.000015s ]
INFO: [ app_init ] --END-- [ RunTime:0.000367s ]
INFO: [ app_begin ] --START--
INFO: Run Behavior\ReadHtmlCacheBehavior [ RunTime:0.000492s ]
INFO: [ app_begin ] --END-- [ RunTime:0.000549s ]
NOTIC: [2] session_start(): open(D:/Program Files/php-5.6.15-Win32-VC11-x86/custom/session\sess_7f6pp1e5kilre3cvn3kpo97kf7, O_RDWR) failed: No such file or directory (2) V:\webRoot\CityTempPHP\ThinkPHP\Common\functions.php ç¬¬ 1263 è¡Œ.
SQL: SHOW COLUMNS FROM `citystationviewmodels` [ RunTime:0.1160s ]
SQL: SHOW COLUMNS FROM `citytemperature_db`.`citystationviewmodels` [ RunTime:0.0016s ]
SQL: SELECT `station` FROM citytemperature_db.citystationviewmodels WHERE ( city = "åŒ—äº¬" )  [ RunTime:1.4064s ]
SQL: SHOW COLUMNS FROM `citytemperature_db`.`citytempviewmodels` [ RunTime:0.0981s ]
NOTIC: [8] Use of undefined constant station - assumed 'station' V:\webRoot\CityTempPHP\Application\Home\Model\CityTempModel.class.php ç¬¬ 14 è¡Œ.
SQL: SELECT `temperature`,`time` FROM citytemperature_db.citytempviewmodels WHERE ( station = 54511 )  [ RunTime:2.9426s ]

[ 2016-02-22T15:33:22+08:00 ] 172.16.220.113 /CityTempPHP/index.php/Home/CityTemp/cityTemp?CityName=%E4%B8%8A%E6%B5%B7&json&_=1456126385329
INFO: [ app_init ] --START--
INFO: Run Behavior\BuildLiteBehavior [ RunTime:0.000011s ]
INFO: [ app_init ] --END-- [ RunTime:0.000279s ]
INFO: [ app_begin ] --START--
INFO: Run Behavior\ReadHtmlCacheBehavior [ RunTime:0.000398s ]
INFO: [ app_begin ] --END-- [ RunTime:0.000444s ]
NOTIC: [2] session_start(): open(D:/Program Files/php-5.6.15-Win32-VC11-x86/custom/session\sess_7f6pp1e5kilre3cvn3kpo97kf7, O_RDWR) failed: No such file or directory (2) V:\webRoot\CityTempPHP\ThinkPHP\Common\functions.php ç¬¬ 1263 è¡Œ.
SQL: SHOW COLUMNS FROM `citystationviewmodels` [ RunTime:0.0336s ]
SQL: SHOW COLUMNS FROM `citytemperature_db`.`citystationviewmodels` [ RunTime:0.0005s ]
SQL: SELECT `station` FROM citytemperature_db.citystationviewmodels WHERE ( city = "ä¸Šæµ·" )  [ RunTime:1.5330s ]
SQL: SHOW COLUMNS FROM `citytemperature_db`.`citytempviewmodels` [ RunTime:0.0160s ]
NOTIC: [8] Use of undefined constant station - assumed 'station' V:\webRoot\CityTempPHP\Application\Home\Model\CityTempModel.class.php ç¬¬ 14 è¡Œ.
SQL: SELECT `temperature`,`time` FROM citytemperature_db.citytempviewmodels WHERE ( station = 58367 )  [ RunTime:2.8214s ]

[ 2016-02-22T15:33:36+08:00 ] 172.16.220.113 /CityTempPHP/index.php/Home/CityTemp/cityTemp?CityName=%E5%93%88%E5%B0%94%E6%BB%A8&json&_=1456126385330
INFO: [ app_init ] --START--
INFO: Run Behavior\BuildLiteBehavior [ RunTime:0.000010s ]
INFO: [ app_init ] --END-- [ RunTime:0.000309s ]
INFO: [ app_begin ] --START--
INFO: Run Behavior\ReadHtmlCacheBehavior [ RunTime:0.000384s ]
INFO: [ app_begin ] --END-- [ RunTime:0.000423s ]
NOTIC: [2] session_start(): open(D:/Program Files/php-5.6.15-Win32-VC11-x86/custom/session\sess_7f6pp1e5kilre3cvn3kpo97kf7, O_RDWR) failed: No such file or directory (2) V:\webRoot\CityTempPHP\ThinkPHP\Common\functions.php ç¬¬ 1263 è¡Œ.
SQL: SHOW COLUMNS FROM `citystationviewmodels` [ RunTime:0.0169s ]
SQL: SHOW COLUMNS FROM `citytemperature_db`.`citystationviewmodels` [ RunTime:0.0007s ]
SQL: SELECT `station` FROM citytemperature_db.citystationviewmodels WHERE ( city = "å“ˆå°”æ»¨" )  [ RunTime:1.4365s ]
SQL: SHOW COLUMNS FROM `citytemperature_db`.`citytempviewmodels` [ RunTime:0.0119s ]
NOTIC: [8] Use of undefined constant station - assumed 'station' V:\webRoot\CityTempPHP\Application\Home\Model\CityTempModel.class.php ç¬¬ 14 è¡Œ.
SQL: SELECT `temperature`,`time` FROM citytemperature_db.citytempviewmodels WHERE ( station = 50953 )  [ RunTime:7.3802s ]

[ 2016-02-22T15:33:36+08:00 ] 172.16.220.113 /CityTempPHP/index.php/Home/CityTemp/cityTemp?CityName=%E7%BB%A5%E5%8C%96&json&_=1456126385334
INFO: [ app_init ] --START--
INFO: Run Behavior\BuildLiteBehavior [ RunTime:0.000012s ]
INFO: [ app_init ] --END-- [ RunTime:0.000293s ]
INFO: [ app_begin ] --START--
INFO: Run Behavior\ReadHtmlCacheBehavior [ RunTime:0.000454s ]
INFO: [ app_begin ] --END-- [ RunTime:0.000498s ]
NOTIC: [2] session_start(): open(D:/Program Files/php-5.6.15-Win32-VC11-x86/custom/session\sess_7f6pp1e5kilre3cvn3kpo97kf7, O_RDWR) failed: No such file or directory (2) V:\webRoot\CityTempPHP\ThinkPHP\Common\functions.php ç¬¬ 1263 è¡Œ.
SQL: SHOW COLUMNS FROM `citystationviewmodels` [ RunTime:0.0016s ]
SQL: SHOW COLUMNS FROM `citytemperature_db`.`citystationviewmodels` [ RunTime:0.0007s ]
SQL: SELECT `station` FROM citytemperature_db.citystationviewmodels WHERE ( city = "ç»¥åŒ–" )  [ RunTime:4.0943s ]
SQL: SHOW COLUMNS FROM `citytemperature_db`.`citytempviewmodels` [ RunTime:0.0096s ]
NOTIC: [8] Use of undefined constant station - assumed 'station' V:\webRoot\CityTempPHP\Application\Home\Model\CityTempModel.class.php ç¬¬ 14 è¡Œ.
NOTIC: [8] Undefined offset: 0 V:\webRoot\CityTempPHP\Application\Home\Model\CityTempModel.class.php ç¬¬ 14 è¡Œ.
ERR: 1064:You have an error in your SQL syntax; check the manual that corresponds to your MySQL server version for the right syntax to use near ')' at line 1
 [ SQLè¯­å¥ ] : SELECT `temperature`,`time` FROM citytemperature_db.citytempviewmodels WHERE ( station =  ) 
ERR: 1064:You have an error in your SQL syntax; check the manual that corresponds to your MySQL server version for the right syntax to use near ')' at line 1
 [ SQLè¯­å¥ ] : SELECT `temperature`,`time` FROM citytemperature_db.citytempviewmodels WHERE ( station =  ) 

[ 2016-02-22T15:33:37+08:00 ] 172.16.220.113 /CityTempPHP/index.php/Home/CityTemp/cityTemp?CityName=%E5%A4%A7%E5%BA%86&json&_=1456126385335
INFO: [ app_init ] --START--
INFO: Run Behavior\BuildLiteBehavior [ RunTime:0.000011s ]
INFO: [ app_init ] --END-- [ RunTime:0.000268s ]
INFO: [ app_begin ] --START--
INFO: Run Behavior\ReadHtmlCacheBehavior [ RunTime:0.000332s ]
INFO: [ app_begin ] --END-- [ RunTime:0.000369s ]
NOTIC: [2] session_start(): open(D:/Program Files/php-5.6.15-Win32-VC11-x86/custom/session\sess_7f6pp1e5kilre3cvn3kpo97kf7, O_RDWR) failed: No such file or directory (2) V:\webRoot\CityTempPHP\ThinkPHP\Common\functions.php ç¬¬ 1263 è¡Œ.
SQL: SHOW COLUMNS FROM `citystationviewmodels` [ RunTime:0.0347s ]
SQL: SHOW COLUMNS FROM `citytemperature_db`.`citystationviewmodels` [ RunTime:0.0020s ]
SQL: SELECT `station` FROM citytemperature_db.citystationviewmodels WHERE ( city = "å¤§åº†" )  [ RunTime:4.1348s ]
SQL: SHOW COLUMNS FROM `citytemperature_db`.`citytempviewmodels` [ RunTime:0.0020s ]
NOTIC: [8] Use of undefined constant station - assumed 'station' V:\webRoot\CityTempPHP\Application\Home\Model\CityTempModel.class.php ç¬¬ 14 è¡Œ.
NOTIC: [8] Undefined offset: 0 V:\webRoot\CityTempPHP\Application\Home\Model\CityTempModel.class.php ç¬¬ 14 è¡Œ.
ERR: 1064:You have an error in your SQL syntax; check the manual that corresponds to your MySQL server version for the right syntax to use near ')' at line 1
 [ SQLè¯­å¥ ] : SELECT `temperature`,`time` FROM citytemperature_db.citytempviewmodels WHERE ( station =  ) 
ERR: 1064:You have an error in your SQL syntax; check the manual that corresponds to your MySQL server version for the right syntax to use near ')' at line 1
 [ SQLè¯­å¥ ] : SELECT `temperature`,`time` FROM citytemperature_db.citytempviewmodels WHERE ( station =  ) 

[ 2016-02-22T15:33:43+08:00 ] 172.16.220.113 /CityTempPHP/index.php/Home/CityTemp/cityTemp?CityName=%E9%B8%A1%E8%A5%BF&json&_=1456126385331
INFO: [ app_init ] --START--
INFO: Run Behavior\BuildLiteBehavior [ RunTime:0.000010s ]
INFO: [ app_init ] --END-- [ RunTime:0.000284s ]
INFO: [ app_begin ] --START--
INFO: Run Behavior\ReadHtmlCacheBehavior [ RunTime:0.000396s ]
INFO: [ app_begin ] --END-- [ RunTime:0.000431s ]
NOTIC: [2] session_start(): open(D:/Program Files/php-5.6.15-Win32-VC11-x86/custom/session\sess_7f6pp1e5kilre3cvn3kpo97kf7, O_RDWR) failed: No such file or directory (2) V:\webRoot\CityTempPHP\ThinkPHP\Common\functions.php ç¬¬ 1263 è¡Œ.
SQL: SHOW COLUMNS FROM `citystationviewmodels` [ RunTime:0.0013s ]
SQL: SHOW COLUMNS FROM `citytemperature_db`.`citystationviewmodels` [ RunTime:0.0005s ]
SQL: SELECT `station` FROM citytemperature_db.citystationviewmodels WHERE ( city = "é¸¡è¥¿" )  [ RunTime:2.7953s ]
SQL: SHOW COLUMNS FROM `citytemperature_db`.`citytempviewmodels` [ RunTime:0.0018s ]
NOTIC: [8] Use of undefined constant station - assumed 'station' V:\webRoot\CityTempPHP\Application\Home\Model\CityTempModel.class.php ç¬¬ 14 è¡Œ.
SQL: SELECT `temperature`,`time` FROM citytemperature_db.citytempviewmodels WHERE ( station = 50978 )  [ RunTime:10.7729s ]

[ 2016-02-22T15:33:44+08:00 ] 172.16.220.113 /CityTempPHP/index.php/Home/CityTemp/cityTemp?CityName=%E5%8F%8C%E9%B8%AD%E5%B1%B1&json&_=1456126385332
INFO: [ app_init ] --START--
INFO: Run Behavior\BuildLiteBehavior [ RunTime:0.000009s ]
INFO: [ app_init ] --END-- [ RunTime:0.000250s ]
INFO: [ app_begin ] --START--
INFO: Run Behavior\ReadHtmlCacheBehavior [ RunTime:0.000316s ]
INFO: [ app_begin ] --END-- [ RunTime:0.000349s ]
NOTIC: [2] session_start(): open(D:/Program Files/php-5.6.15-Win32-VC11-x86/custom/session\sess_7f6pp1e5kilre3cvn3kpo97kf7, O_RDWR) failed: No such file or directory (2) V:\webRoot\CityTempPHP\ThinkPHP\Common\functions.php ç¬¬ 1263 è¡Œ.
SQL: SHOW COLUMNS FROM `citystationviewmodels` [ RunTime:0.0010s ]
SQL: SHOW COLUMNS FROM `citytemperature_db`.`citystationviewmodels` [ RunTime:0.0004s ]
SQL: SELECT `station` FROM citytemperature_db.citystationviewmodels WHERE ( city = "åŒé¸­å±±" )  [ RunTime:3.0714s ]
SQL: SHOW COLUMNS FROM `citytemperature_db`.`citytempviewmodels` [ RunTime:0.0010s ]
NOTIC: [8] Use of undefined constant station - assumed 'station' V:\webRoot\CityTempPHP\Application\Home\Model\CityTempModel.class.php ç¬¬ 14 è¡Œ.
SQL: SELECT `temperature`,`time` FROM citytemperature_db.citytempviewmodels WHERE ( station = 50884 )  [ RunTime:10.9332s ]

[ 2016-02-22T15:33:46+08:00 ] 172.16.220.113 /CityTempPHP/index.php/Home/CityTemp/cityTemp?CityName=%E5%93%88%E5%B0%94%E6%BB%A8&json&_=1456126385333
INFO: [ app_init ] --START--
INFO: Run Behavior\BuildLiteBehavior [ RunTime:0.000012s ]
INFO: [ app_init ] --END-- [ RunTime:0.000297s ]
INFO: [ app_begin ] --START--
INFO: Run Behavior\ReadHtmlCacheBehavior [ RunTime:0.000417s ]
INFO: [ app_begin ] --END-- [ RunTime:0.000454s ]
NOTIC: [2] session_start(): open(D:/Program Files/php-5.6.15-Win32-VC11-x86/custom/session\sess_7f6pp1e5kilre3cvn3kpo97kf7, O_RDWR) failed: No such file or directory (2) V:\webRoot\CityTempPHP\ThinkPHP\Common\functions.php ç¬¬ 1263 è¡Œ.
SQL: SHOW COLUMNS FROM `citystationviewmodels` [ RunTime:0.0132s ]
SQL: SHOW COLUMNS FROM `citytemperature_db`.`citystationviewmodels` [ RunTime:0.0015s ]
SQL: SELECT `station` FROM citytemperature_db.citystationviewmodels WHERE ( city = "å“ˆå°”æ»¨" )  [ RunTime:3.7570s ]
SQL: SHOW COLUMNS FROM `citytemperature_db`.`citytempviewmodels` [ RunTime:0.0140s ]
NOTIC: [8] Use of undefined constant station - assumed 'station' V:\webRoot\CityTempPHP\Application\Home\Model\CityTempModel.class.php ç¬¬ 14 è¡Œ.
SQL: SELECT `temperature`,`time` FROM citytemperature_db.citytempviewmodels WHERE ( station = 50953 )  [ RunTime:11.0537s ]

[ 2016-02-22T15:33:51+08:00 ] 172.16.220.113 /CityTempPHP/index.php/Home/CityTemp/cityTemp?CityName=%E9%BD%90%E9%BD%90%E5%93%88%E5%B0%94&json&_=1456126385336
INFO: [ app_init ] --START--
INFO: Run Behavior\BuildLiteBehavior [ RunTime:0.000014s ]
INFO: [ app_init ] --END-- [ RunTime:0.000277s ]
INFO: [ app_begin ] --START--
INFO: Run Behavior\ReadHtmlCacheBehavior [ RunTime:0.000358s ]
INFO: [ app_begin ] --END-- [ RunTime:0.000398s ]
NOTIC: [2] session_start(): open(D:/Program Files/php-5.6.15-Win32-VC11-x86/custom/session\sess_7f6pp1e5kilre3cvn3kpo97kf7, O_RDWR) failed: No such file or directory (2) V:\webRoot\CityTempPHP\ThinkPHP\Common\functions.php ç¬¬ 1263 è¡Œ.
SQL: SHOW COLUMNS FROM `citystationviewmodels` [ RunTime:0.0011s ]
SQL: SHOW COLUMNS FROM `citytemperature_db`.`citystationviewmodels` [ RunTime:0.0004s ]
SQL: SELECT `station` FROM citytemperature_db.citystationviewmodels WHERE ( city = "é½é½å“ˆå°”" )  [ RunTime:4.1220s ]
SQL: SHOW COLUMNS FROM `citytemperature_db`.`citytempviewmodels` [ RunTime:0.0214s ]
NOTIC: [8] Use of undefined constant station - assumed 'station' V:\webRoot\CityTempPHP\Application\Home\Model\CityTempModel.class.php ç¬¬ 14 è¡Œ.
SQL: SELECT `temperature`,`time` FROM citytemperature_db.citytempviewmodels WHERE ( station = 50745 )  [ RunTime:10.2516s ]

[ 2016-02-22T15:33:51+08:00 ] 172.16.220.113 /CityTempPHP/index.php/Home/CityTemp/cityTemp?CityName=%E9%BB%91%E6%B2%B3&json&_=1456126385337
INFO: [ app_init ] --START--
INFO: Run Behavior\BuildLiteBehavior [ RunTime:0.000014s ]
INFO: [ app_init ] --END-- [ RunTime:0.000300s ]
INFO: [ app_begin ] --START--
INFO: Run Behavior\ReadHtmlCacheBehavior [ RunTime:0.000424s ]
INFO: [ app_begin ] --END-- [ RunTime:0.000478s ]
NOTIC: [2] session_start(): open(D:/Program Files/php-5.6.15-Win32-VC11-x86/custom/session\sess_7f6pp1e5kilre3cvn3kpo97kf7, O_RDWR) failed: No such file or directory (2) V:\webRoot\CityTempPHP\ThinkPHP\Common\functions.php ç¬¬ 1263 è¡Œ.
SQL: SHOW COLUMNS FROM `citystationviewmodels` [ RunTime:0.0018s ]
SQL: SHOW COLUMNS FROM `citytemperature_db`.`citystationviewmodels` [ RunTime:0.0005s ]
SQL: SELECT `station` FROM citytemperature_db.citystationviewmodels WHERE ( city = "é»‘æ²³" )  [ RunTime:3.9463s ]
SQL: SHOW COLUMNS FROM `citytemperature_db`.`citytempviewmodels` [ RunTime:0.0178s ]
NOTIC: [8] Use of undefined constant station - assumed 'station' V:\webRoot\CityTempPHP\Application\Home\Model\CityTempModel.class.php ç¬¬ 14 è¡Œ.
SQL: SELECT `temperature`,`time` FROM citytemperature_db.citytempviewmodels WHERE ( station = 50468 )  [ RunTime:10.2533s ]

[ 2016-02-22T15:33:53+08:00 ] 172.16.220.113 /CityTempPHP/index.php/Home/CityTemp/cityTemp?CityName=%E4%BC%8A%E6%98%A5&json&_=1456126385338
INFO: [ app_init ] --START--
INFO: Run Behavior\BuildLiteBehavior [ RunTime:0.000013s ]
INFO: [ app_init ] --END-- [ RunTime:0.000375s ]
INFO: [ app_begin ] --START--
INFO: Run Behavior\ReadHtmlCacheBehavior [ RunTime:0.000425s ]
INFO: [ app_begin ] --END-- [ RunTime:0.000463s ]
NOTIC: [2] session_start(): open(D:/Program Files/php-5.6.15-Win32-VC11-x86/custom/session\sess_7f6pp1e5kilre3cvn3kpo97kf7, O_RDWR) failed: No such file or directory (2) V:\webRoot\CityTempPHP\ThinkPHP\Common\functions.php ç¬¬ 1263 è¡Œ.
SQL: SHOW COLUMNS FROM `citystationviewmodels` [ RunTime:0.0754s ]
SQL: SHOW COLUMNS FROM `citytemperature_db`.`citystationviewmodels` [ RunTime:0.0017s ]
SQL: SELECT `station` FROM citytemperature_db.citystationviewmodels WHERE ( city = "ä¼Šæ˜¥" )  [ RunTime:4.0686s ]
SQL: SHOW COLUMNS FROM `citytemperature_db`.`citytempviewmodels` [ RunTime:0.0015s ]
NOTIC: [8] Use of undefined constant station - assumed 'station' V:\webRoot\CityTempPHP\Application\Home\Model\CityTempModel.class.php ç¬¬ 14 è¡Œ.
SQL: SELECT `temperature`,`time` FROM citytemperature_db.citytempviewmodels WHERE ( station = 50774 )  [ RunTime:10.9649s ]

[ 2016-02-22T15:33:58+08:00 ] 172.16.220.113 /CityTempPHP/index.php/Home/CityTemp/cityTemp?CityName=%E6%88%90%E9%83%BD&json&_=1456126385339
INFO: [ app_init ] --START--
INFO: Run Behavior\BuildLiteBehavior [ RunTime:0.000012s ]
INFO: [ app_init ] --END-- [ RunTime:0.000318s ]
INFO: [ app_begin ] --START--
INFO: Run Behavior\ReadHtmlCacheBehavior [ RunTime:0.000328s ]
INFO: [ app_begin ] --END-- [ RunTime:0.000362s ]
NOTIC: [2] session_start(): open(D:/Program Files/php-5.6.15-Win32-VC11-x86/custom/session\sess_7f6pp1e5kilre3cvn3kpo97kf7, O_RDWR) failed: No such file or directory (2) V:\webRoot\CityTempPHP\ThinkPHP\Common\functions.php ç¬¬ 1263 è¡Œ.
SQL: SHOW COLUMNS FROM `citystationviewmodels` [ RunTime:0.0753s ]
SQL: SHOW COLUMNS FROM `citytemperature_db`.`citystationviewmodels` [ RunTime:0.0009s ]
SQL: SELECT `station` FROM citytemperature_db.citystationviewmodels WHERE ( city = "æˆéƒ½" )  [ RunTime:4.1984s ]
SQL: SHOW COLUMNS FROM `citytemperature_db`.`citytempviewmodels` [ RunTime:0.0031s ]
NOTIC: [8] Use of undefined constant station - assumed 'station' V:\webRoot\CityTempPHP\Application\Home\Model\CityTempModel.class.php ç¬¬ 14 è¡Œ.
SQL: SELECT `temperature`,`time` FROM citytemperature_db.citytempviewmodels WHERE ( station = 56294 )  [ RunTime:10.5842s ]

[ 2016-02-22T15:33:58+08:00 ] 172.16.220.113 /citytempphp/
INFO: [ app_init ] --START--
INFO: Run Behavior\BuildLiteBehavior [ RunTime:0.000011s ]
INFO: [ app_init ] --END-- [ RunTime:0.000261s ]
INFO: [ app_begin ] --START--
INFO: Run Behavior\ReadHtmlCacheBehavior [ RunTime:0.000323s ]
INFO: [ app_begin ] --END-- [ RunTime:0.000360s ]
NOTIC: [2] session_start(): open(D:/Program Files/php-5.6.15-Win32-VC11-x86/custom/session\sess_7f6pp1e5kilre3cvn3kpo97kf7, O_RDWR) failed: No such file or directory (2) V:\webRoot\CityTempPHP\ThinkPHP\Common\functions.php ç¬¬ 1263 è¡Œ.
INFO: [ view_parse ] --START--
INFO: [ template_filter ] --START--
INFO: Run Behavior\ContentReplaceBehavior [ RunTime:0.000034s ]
INFO: [ template_filter ] --END-- [ RunTime:0.000070s ]
INFO: Run Behavior\ParseTemplateBehavior [ RunTime:0.004507s ]
INFO: [ view_parse ] --END-- [ RunTime:0.004549s ]
INFO: [ view_filter ] --START--
INFO: Run Behavior\WriteHtmlCacheBehavior [ RunTime:0.000232s ]
INFO: [ view_filter ] --END-- [ RunTime:0.000262s ]
INFO: [ app_end ] --START--
INFO: Run Behavior\ShowPageTraceBehavior [ RunTime:0.000392s ]
INFO: [ app_end ] --END-- [ RunTime:0.000457s ]

[ 2016-02-22T15:33:59+08:00 ] 172.16.220.113 /CityTempPHP/index.php/Home/CityTemp/cityTemp?CityName=%E7%94%98%E5%AD%9C&json&_=1456126385340
INFO: [ app_init ] --START--
INFO: Run Behavior\BuildLiteBehavior [ RunTime:0.000014s ]
INFO: [ app_init ] --END-- [ RunTime:0.000322s ]
INFO: [ app_begin ] --START--
INFO: Run Behavior\ReadHtmlCacheBehavior [ RunTime:0.000418s ]
INFO: [ app_begin ] --END-- [ RunTime:0.000467s ]
NOTIC: [2] session_start(): open(D:/Program Files/php-5.6.15-Win32-VC11-x86/custom/session\sess_7f6pp1e5kilre3cvn3kpo97kf7, O_RDWR) failed: No such file or directory (2) V:\webRoot\CityTempPHP\ThinkPHP\Common\functions.php ç¬¬ 1263 è¡Œ.
SQL: SHOW COLUMNS FROM `citystationviewmodels` [ RunTime:0.0027s ]
SQL: SHOW COLUMNS FROM `citytemperature_db`.`citystationviewmodels` [ RunTime:0.0011s ]
SQL: SELECT `station` FROM citytemperature_db.citystationviewmodels WHERE ( city = "ç”˜å­œ" )  [ RunTime:4.3913s ]
SQL: SHOW COLUMNS FROM `citytemperature_db`.`citytempviewmodels` [ RunTime:0.0120s ]
NOTIC: [8] Use of undefined constant station - assumed 'station' V:\webRoot\CityTempPHP\Application\Home\Model\CityTempModel.class.php ç¬¬ 14 è¡Œ.
SQL: SELECT `temperature`,`time` FROM citytemperature_db.citytempviewmodels WHERE ( station = 56146 )  [ RunTime:10.4358s ]

[ 2016-02-22T15:34:01+08:00 ] 172.16.220.113 /CityTempPHP/index.php/Home/CityTemp/cityTemp?CityName=%E5%8D%97%E5%85%85&json&_=1456126385341
INFO: [ app_init ] --START--
INFO: Run Behavior\BuildLiteBehavior [ RunTime:0.000012s ]
INFO: [ app_init ] --END-- [ RunTime:0.000288s ]
INFO: [ app_begin ] --START--
INFO: Run Behavior\ReadHtmlCacheBehavior [ RunTime:0.000395s ]
INFO: [ app_begin ] --END-- [ RunTime:0.000448s ]
NOTIC: [2] session_start(): open(D:/Program Files/php-5.6.15-Win32-VC11-x86/custom/session\sess_7f6pp1e5kilre3cvn3kpo97kf7, O_RDWR) failed: No such file or directory (2) V:\webRoot\CityTempPHP\ThinkPHP\Common\functions.php ç¬¬ 1263 è¡Œ.
SQL: SHOW COLUMNS FROM `citystationviewmodels` [ RunTime:0.0204s ]
SQL: SHOW COLUMNS FROM `citytemperature_db`.`citystationviewmodels` [ RunTime:0.0004s ]
SQL: SELECT `station` FROM citytemperature_db.citystationviewmodels WHERE ( city = "å—å……" )  [ RunTime:3.9328s ]
SQL: SHOW COLUMNS FROM `citytemperature_db`.`citytempviewmodels` [ RunTime:0.0931s ]
NOTIC: [8] Use of undefined constant station - assumed 'station' V:\webRoot\CityTempPHP\Application\Home\Model\CityTempModel.class.php ç¬¬ 14 è¡Œ.
SQL: SELECT `temperature`,`time` FROM citytemperature_db.citytempviewmodels WHERE ( station = 57411 )  [ RunTime:10.5475s ]

[ 2016-02-22T15:34:04+08:00 ] 172.16.220.113 /CityTempPHP/index.php/Home/CityTemp/cityTemp?CityName=%E5%B7%B4%E4%B8%AD&json&_=1456126385342
INFO: [ app_init ] --START--
INFO: Run Behavior\BuildLiteBehavior [ RunTime:0.000024s ]
INFO: [ app_init ] --END-- [ RunTime:0.000335s ]
INFO: [ app_begin ] --START--
INFO: Run Behavior\ReadHtmlCacheBehavior [ RunTime:0.000397s ]
INFO: [ app_begin ] --END-- [ RunTime:0.000447s ]
NOTIC: [2] session_start(): open(D:/Program Files/php-5.6.15-Win32-VC11-x86/custom/session\sess_7f6pp1e5kilre3cvn3kpo97kf7, O_RDWR) failed: No such file or directory (2) V:\webRoot\CityTempPHP\ThinkPHP\Common\functions.php ç¬¬ 1263 è¡Œ.
SQL: SHOW COLUMNS FROM `citystationviewmodels` [ RunTime:0.0014s ]
SQL: SHOW COLUMNS FROM `citytemperature_db`.`citystationviewmodels` [ RunTime:0.0012s ]
SQL: SELECT `station` FROM citytemperature_db.citystationviewmodels WHERE ( city = "å·´ä¸­" )  [ RunTime:4.4702s ]
SQL: SHOW COLUMNS FROM `citytemperature_db`.`citytempviewmodels` [ RunTime:0.0139s ]
NOTIC: [8] Use of undefined constant station - assumed 'station' V:\webRoot\CityTempPHP\Application\Home\Model\CityTempModel.class.php ç¬¬ 14 è¡Œ.
SQL: SELECT `temperature`,`time` FROM citytemperature_db.citytempviewmodels WHERE ( station = 57313 )  [ RunTime:8.4950s ]

[ 2016-02-22T15:34:04+08:00 ] 172.16.220.113 /CityTempPHP/index.php/Home/CityTemp/cityTemp?CityName=%E5%B7%B4%E4%B8%AD&json&_=1456126385343
INFO: [ app_init ] --START--
INFO: Run Behavior\BuildLiteBehavior [ RunTime:0.000011s ]
INFO: [ app_init ] --END-- [ RunTime:0.000270s ]
INFO: [ app_begin ] --START--
INFO: Run Behavior\ReadHtmlCacheBehavior [ RunTime:0.000329s ]
INFO: [ app_begin ] --END-- [ RunTime:0.000366s ]
NOTIC: [2] session_start(): open(D:/Program Files/php-5.6.15-Win32-VC11-x86/custom/session\sess_7f6pp1e5kilre3cvn3kpo97kf7, O_RDWR) failed: No such file or directory (2) V:\webRoot\CityTempPHP\ThinkPHP\Common\functions.php ç¬¬ 1263 è¡Œ.
SQL: SHOW COLUMNS FROM `citystationviewmodels` [ RunTime:0.0029s ]
SQL: SHOW COLUMNS FROM `citytemperature_db`.`citystationviewmodels` [ RunTime:0.0023s ]
SQL: SELECT `station` FROM citytemperature_db.citystationviewmodels WHERE ( city = "å·´ä¸­" )  [ RunTime:4.4279s ]
SQL: SHOW COLUMNS FROM `citytemperature_db`.`citytempviewmodels` [ RunTime:0.0011s ]
NOTIC: [8] Use of undefined constant station - assumed 'station' V:\webRoot\CityTempPHP\Application\Home\Model\CityTempModel.class.php ç¬¬ 14 è¡Œ.
SQL: SELECT `temperature`,`time` FROM citytemperature_db.citytempviewmodels WHERE ( station = 57313 )  [ RunTime:8.2198s ]

[ 2016-02-22T15:34:05+08:00 ] 172.16.220.113 /CityTempPHP/index.php/Home/CityTemp/cityTemp?CityName=%E5%B9%BF%E5%85%83&json&_=1456126385344
INFO: [ app_init ] --START--
INFO: Run Behavior\BuildLiteBehavior [ RunTime:0.000011s ]
INFO: [ app_init ] --END-- [ RunTime:0.000265s ]
INFO: [ app_begin ] --START--
INFO: Run Behavior\ReadHtmlCacheBehavior [ RunTime:0.000322s ]
INFO: [ app_begin ] --END-- [ RunTime:0.000362s ]
NOTIC: [2] session_start(): open(D:/Program Files/php-5.6.15-Win32-VC11-x86/custom/session\sess_7f6pp1e5kilre3cvn3kpo97kf7, O_RDWR) failed: No such file or directory (2) V:\webRoot\CityTempPHP\ThinkPHP\Common\functions.php ç¬¬ 1263 è¡Œ.
SQL: SHOW COLUMNS FROM `citystationviewmodels` [ RunTime:0.0084s ]
SQL: SHOW COLUMNS FROM `citytemperature_db`.`citystationviewmodels` [ RunTime:0.0007s ]
SQL: SELECT `station` FROM citytemperature_db.citystationviewmodels WHERE ( city = "å¹¿å…ƒ" )  [ RunTime:4.2778s ]
SQL: SHOW COLUMNS FROM `citytemperature_db`.`citytempviewmodels` [ RunTime:0.0552s ]
NOTIC: [8] Use of undefined constant station - assumed 'station' V:\webRoot\CityTempPHP\Application\Home\Model\CityTempModel.class.php ç¬¬ 14 è¡Œ.
SQL: SELECT `temperature`,`time` FROM citytemperature_db.citytempviewmodels WHERE ( station = 57206 )  [ RunTime:7.7488s ]

[ 2016-02-22T15:34:07+08:00 ] 172.16.220.113 /CityTempPHP/index.php/Home/CityTemp/cityTemp?CityName=%E8%BE%BE%E5%B7%9E&json&_=1456126385345
INFO: [ app_init ] --START--
INFO: Run Behavior\BuildLiteBehavior [ RunTime:0.000011s ]
INFO: [ app_init ] --END-- [ RunTime:0.000261s ]
INFO: [ app_begin ] --START--
INFO: Run Behavior\ReadHtmlCacheBehavior [ RunTime:0.000370s ]
INFO: [ app_begin ] --END-- [ RunTime:0.000414s ]
NOTIC: [2] session_start(): open(D:/Program Files/php-5.6.15-Win32-VC11-x86/custom/session\sess_7f6pp1e5kilre3cvn3kpo97kf7, O_RDWR) failed: No such file or directory (2) V:\webRoot\CityTempPHP\ThinkPHP\Common\functions.php ç¬¬ 1263 è¡Œ.
SQL: SHOW COLUMNS FROM `citystationviewmodels` [ RunTime:0.0009s ]
SQL: SHOW COLUMNS FROM `citytemperature_db`.`citystationviewmodels` [ RunTime:0.0007s ]
SQL: SELECT `station` FROM citytemperature_db.citystationviewmodels WHERE ( city = "è¾¾å·ž" )  [ RunTime:3.9842s ]
SQL: SHOW COLUMNS FROM `citytemperature_db`.`citytempviewmodels` [ RunTime:0.0006s ]
NOTIC: [8] Use of undefined constant station - assumed 'station' V:\webRoot\CityTempPHP\Application\Home\Model\CityTempModel.class.php ç¬¬ 14 è¡Œ.
SQL: SELECT `temperature`,`time` FROM citytemperature_db.citytempviewmodels WHERE ( station = 57328 )  [ RunTime:3.9818s ]

[ 2016-02-22T15:34:07+08:00 ] 172.16.220.113 /CityTempPHP/index.php/Home/CityTemp/cityTemp?CityName=%E5%8C%97%E4%BA%AC&json&_=1456126439370
INFO: [ app_init ] --START--
INFO: Run Behavior\BuildLiteBehavior [ RunTime:0.000011s ]
INFO: [ app_init ] --END-- [ RunTime:0.000281s ]
INFO: [ app_begin ] --START--
INFO: Run Behavior\ReadHtmlCacheBehavior [ RunTime:0.000390s ]
INFO: [ app_begin ] --END-- [ RunTime:0.000426s ]
NOTIC: [2] session_start(): open(D:/Program Files/php-5.6.15-Win32-VC11-x86/custom/session\sess_7f6pp1e5kilre3cvn3kpo97kf7, O_RDWR) failed: No such file or directory (2) V:\webRoot\CityTempPHP\ThinkPHP\Common\functions.php ç¬¬ 1263 è¡Œ.
SQL: SHOW COLUMNS FROM `citystationviewmodels` [ RunTime:0.0006s ]
SQL: SHOW COLUMNS FROM `citytemperature_db`.`citystationviewmodels` [ RunTime:0.0004s ]
SQL: SELECT `station` FROM citytemperature_db.citystationviewmodels WHERE ( city = "åŒ—äº¬" )  [ RunTime:3.5877s ]
SQL: SHOW COLUMNS FROM `citytemperature_db`.`citytempviewmodels` [ RunTime:0.0005s ]
NOTIC: [8] Use of undefined constant station - assumed 'station' V:\webRoot\CityTempPHP\Application\Home\Model\CityTempModel.class.php ç¬¬ 14 è¡Œ.
SQL: SELECT `temperature`,`time` FROM citytemperature_db.citytempviewmodels WHERE ( station = 54511 )  [ RunTime:3.6937s ]

[ 2016-02-22T15:34:24+08:00 ] 172.16.220.113 /CityTempPHP/index.php/Home/CityTemp/cityTemp?CityName=%E5%94%90%E5%B1%B1&json&_=1456126439371
INFO: [ app_init ] --START--
INFO: Run Behavior\BuildLiteBehavior [ RunTime:0.000013s ]
INFO: [ app_init ] --END-- [ RunTime:0.000298s ]
INFO: [ app_begin ] --START--
INFO: Run Behavior\ReadHtmlCacheBehavior [ RunTime:0.000448s ]
INFO: [ app_begin ] --END-- [ RunTime:0.000506s ]
NOTIC: [2] session_start(): open(D:/Program Files/php-5.6.15-Win32-VC11-x86/custom/session\sess_7f6pp1e5kilre3cvn3kpo97kf7, O_RDWR) failed: No such file or directory (2) V:\webRoot\CityTempPHP\ThinkPHP\Common\functions.php ç¬¬ 1263 è¡Œ.
SQL: SHOW COLUMNS FROM `citystationviewmodels` [ RunTime:0.0217s ]
SQL: SHOW COLUMNS FROM `citytemperature_db`.`citystationviewmodels` [ RunTime:0.0009s ]
SQL: SELECT `station` FROM citytemperature_db.citystationviewmodels WHERE ( city = "å”å±±" )  [ RunTime:1.2825s ]
SQL: SHOW COLUMNS FROM `citytemperature_db`.`citytempviewmodels` [ RunTime:0.0235s ]
NOTIC: [8] Use of undefined constant station - assumed 'station' V:\webRoot\CityTempPHP\Application\Home\Model\CityTempModel.class.php ç¬¬ 14 è¡Œ.
SQL: SELECT `temperature`,`time` FROM citytemperature_db.citytempviewmodels WHERE ( station = 54534 )  [ RunTime:7.3354s ]

[ 2016-02-22T15:36:13+08:00 ] 172.16.220.113 /citytempphp/
INFO: [ app_init ] --START--
INFO: Run Behavior\BuildLiteBehavior [ RunTime:0.000012s ]
INFO: [ app_init ] --END-- [ RunTime:0.000327s ]
INFO: [ app_begin ] --START--
INFO: Run Behavior\ReadHtmlCacheBehavior [ RunTime:0.000435s ]
INFO: [ app_begin ] --END-- [ RunTime:0.000475s ]
NOTIC: [2] session_start(): open(D:/Program Files/php-5.6.15-Win32-VC11-x86/custom/session\sess_7f6pp1e5kilre3cvn3kpo97kf7, O_RDWR) failed: No such file or directory (2) V:\webRoot\CityTempPHP\ThinkPHP\Common\functions.php ç¬¬ 1263 è¡Œ.
INFO: [ view_parse ] --START--
INFO: [ template_filter ] --START--
INFO: Run Behavior\ContentReplaceBehavior [ RunTime:0.000036s ]
INFO: [ template_filter ] --END-- [ RunTime:0.000076s ]
INFO: Run Behavior\ParseTemplateBehavior [ RunTime:0.004903s ]
INFO: [ view_parse ] --END-- [ RunTime:0.004945s ]
INFO: [ view_filter ] --START--
INFO: Run Behavior\WriteHtmlCacheBehavior [ RunTime:0.000222s ]
INFO: [ view_filter ] --END-- [ RunTime:0.000253s ]
INFO: [ app_end ] --START--
INFO: Run Behavior\ShowPageTraceBehavior [ RunTime:0.000465s ]
INFO: [ app_end ] --END-- [ RunTime:0.000498s ]

[ 2016-02-22T15:36:19+08:00 ] 172.16.220.113 /CityTempPHP/index.php/Home/CityTemp/cityTemp?CityName=%E5%8C%97%E4%BA%AC&json&_=1456126573994
INFO: [ app_init ] --START--
INFO: Run Behavior\BuildLiteBehavior [ RunTime:0.000013s ]
INFO: [ app_init ] --END-- [ RunTime:0.000307s ]
INFO: [ app_begin ] --START--
INFO: Run Behavior\ReadHtmlCacheBehavior [ RunTime:0.000432s ]
INFO: [ app_begin ] --END-- [ RunTime:0.000471s ]
NOTIC: [2] session_start(): open(D:/Program Files/php-5.6.15-Win32-VC11-x86/custom/session\sess_7f6pp1e5kilre3cvn3kpo97kf7, O_RDWR) failed: No such file or directory (2) V:\webRoot\CityTempPHP\ThinkPHP\Common\functions.php ç¬¬ 1263 è¡Œ.
SQL: SHOW COLUMNS FROM `citystationviewmodels` [ RunTime:0.0177s ]
SQL: SHOW COLUMNS FROM `citytemperature_db`.`citystationviewmodels` [ RunTime:0.0005s ]
SQL: SELECT `station` FROM citytemperature_db.citystationviewmodels WHERE ( city = "åŒ—äº¬" )  [ RunTime:1.3828s ]
SQL: SHOW COLUMNS FROM `citytemperature_db`.`citytempviewmodels` [ RunTime:0.0080s ]
NOTIC: [8] Use of undefined constant station - assumed 'station' V:\webRoot\CityTempPHP\Application\Home\Model\CityTempModel.class.php ç¬¬ 14 è¡Œ.
SQL: SELECT `temperature`,`time` FROM citytemperature_db.citytempviewmodels WHERE ( station = 54511 )  [ RunTime:3.9851s ]

[ 2016-02-22T15:36:23+08:00 ] 172.16.220.113 /CityTempPHP/index.php/Home/CityTemp/cityTemp?CityName=%E5%93%88%E5%B0%94%E6%BB%A8&json&_=1456126573995
INFO: [ app_init ] --START--
INFO: Run Behavior\BuildLiteBehavior [ RunTime:0.000014s ]
INFO: [ app_init ] --END-- [ RunTime:0.000360s ]
INFO: [ app_begin ] --START--
INFO: Run Behavior\ReadHtmlCacheBehavior [ RunTime:0.000491s ]
INFO: [ app_begin ] --END-- [ RunTime:0.000538s ]
NOTIC: [2] session_start(): open(D:/Program Files/php-5.6.15-Win32-VC11-x86/custom/session\sess_7f6pp1e5kilre3cvn3kpo97kf7, O_RDWR) failed: No such file or directory (2) V:\webRoot\CityTempPHP\ThinkPHP\Common\functions.php ç¬¬ 1263 è¡Œ.
SQL: SHOW COLUMNS FROM `citystationviewmodels` [ RunTime:0.0164s ]
SQL: SHOW COLUMNS FROM `citytemperature_db`.`citystationviewmodels` [ RunTime:0.0005s ]
SQL: SELECT `station` FROM citytemperature_db.citystationviewmodels WHERE ( city = "å“ˆå°”æ»¨" )  [ RunTime:2.2033s ]
SQL: SHOW COLUMNS FROM `citytemperature_db`.`citytempviewmodels` [ RunTime:0.0133s ]
NOTIC: [8] Use of undefined constant station - assumed 'station' V:\webRoot\CityTempPHP\Application\Home\Model\CityTempModel.class.php ç¬¬ 14 è¡Œ.
SQL: SELECT `temperature`,`time` FROM citytemperature_db.citytempviewmodels WHERE ( station = 50953 )  [ RunTime:4.2523s ]

[ 2016-02-22T15:36:25+08:00 ] 172.16.220.113 /CityTempPHP/index.php/Home/CityTemp/cityTemp?CityName=%E5%8C%97%E4%BA%AC&json&_=1456126573996
INFO: [ app_init ] --START--
INFO: Run Behavior\BuildLiteBehavior [ RunTime:0.000011s ]
INFO: [ app_init ] --END-- [ RunTime:0.000331s ]
INFO: [ app_begin ] --START--
INFO: Run Behavior\ReadHtmlCacheBehavior [ RunTime:0.000331s ]
INFO: [ app_begin ] --END-- [ RunTime:0.000365s ]
NOTIC: [2] session_start(): open(D:/Program Files/php-5.6.15-Win32-VC11-x86/custom/session\sess_7f6pp1e5kilre3cvn3kpo97kf7, O_RDWR) failed: No such file or directory (2) V:\webRoot\CityTempPHP\ThinkPHP\Common\functions.php ç¬¬ 1263 è¡Œ.
SQL: SHOW COLUMNS FROM `citystationviewmodels` [ RunTime:0.0312s ]
SQL: SHOW COLUMNS FROM `citytemperature_db`.`citystationviewmodels` [ RunTime:0.0004s ]
SQL: SELECT `station` FROM citytemperature_db.citystationviewmodels WHERE ( city = "åŒ—äº¬" )  [ RunTime:2.3453s ]
SQL: SHOW COLUMNS FROM `citytemperature_db`.`citytempviewmodels` [ RunTime:0.0140s ]
NOTIC: [8] Use of undefined constant station - assumed 'station' V:\webRoot\CityTempPHP\Application\Home\Model\CityTempModel.class.php ç¬¬ 14 è¡Œ.
SQL: SELECT `temperature`,`time` FROM citytemperature_db.citytempviewmodels WHERE ( station = 54511 )  [ RunTime:2.9300s ]

[ 2016-02-22T15:36:27+08:00 ] 172.16.220.113 /citytempphp/
INFO: [ app_init ] --START--
INFO: Run Behavior\BuildLiteBehavior [ RunTime:0.000032s ]
INFO: [ app_init ] --END-- [ RunTime:0.000487s ]
INFO: [ app_begin ] --START--
INFO: Run Behavior\ReadHtmlCacheBehavior [ RunTime:0.000477s ]
INFO: [ app_begin ] --END-- [ RunTime:0.000577s ]
NOTIC: [2] session_start(): open(D:/Program Files/php-5.6.15-Win32-VC11-x86/custom/session\sess_7f6pp1e5kilre3cvn3kpo97kf7, O_RDWR) failed: No such file or directory (2) V:\webRoot\CityTempPHP\ThinkPHP\Common\functions.php ç¬¬ 1263 è¡Œ.
INFO: [ view_parse ] --START--
INFO: [ template_filter ] --START--
INFO: Run Behavior\ContentReplaceBehavior [ RunTime:0.000044s ]
INFO: [ template_filter ] --END-- [ RunTime:0.000109s ]
INFO: Run Behavior\ParseTemplateBehavior [ RunTime:0.007339s ]
INFO: [ view_parse ] --END-- [ RunTime:0.007429s ]
INFO: [ view_filter ] --START--
INFO: Run Behavior\WriteHtmlCacheBehavior [ RunTime:0.000846s ]
INFO: [ view_filter ] --END-- [ RunTime:0.000903s ]
INFO: [ app_end ] --START--
INFO: Run Behavior\ShowPageTraceBehavior [ RunTime:0.000598s ]
INFO: [ app_end ] --END-- [ RunTime:0.000662s ]

[ 2016-02-22T15:36:33+08:00 ] 172.16.220.113 /CityTempPHP/index.php/Home/CityTemp/cityTemp?CityName=%E5%8C%97%E4%BA%AC&json&_=1456126588005
INFO: [ app_init ] --START--
INFO: Run Behavior\BuildLiteBehavior [ RunTime:0.000011s ]
INFO: [ app_init ] --END-- [ RunTime:0.000266s ]
INFO: [ app_begin ] --START--
INFO: Run Behavior\ReadHtmlCacheBehavior [ RunTime:0.000323s ]
INFO: [ app_begin ] --END-- [ RunTime:0.000357s ]
NOTIC: [2] session_start(): open(D:/Program Files/php-5.6.15-Win32-VC11-x86/custom/session\sess_7f6pp1e5kilre3cvn3kpo97kf7, O_RDWR) failed: No such file or directory (2) V:\webRoot\CityTempPHP\ThinkPHP\Common\functions.php ç¬¬ 1263 è¡Œ.
SQL: SHOW COLUMNS FROM `citystationviewmodels` [ RunTime:0.0222s ]
SQL: SHOW COLUMNS FROM `citytemperature_db`.`citystationviewmodels` [ RunTime:0.0005s ]
SQL: SELECT `station` FROM citytemperature_db.citystationviewmodels WHERE ( city = "åŒ—äº¬" )  [ RunTime:1.4921s ]
SQL: SHOW COLUMNS FROM `citytemperature_db`.`citytempviewmodels` [ RunTime:0.0028s ]
NOTIC: [8] Use of undefined constant station - assumed 'station' V:\webRoot\CityTempPHP\Application\Home\Model\CityTempModel.class.php ç¬¬ 14 è¡Œ.
SQL: SELECT `temperature`,`time` FROM citytemperature_db.citytempviewmodels WHERE ( station = 54511 )  [ RunTime:3.5484s ]

[ 2016-02-22T15:36:35+08:00 ] 172.16.220.113 /CityTempPHP/index.php/Home/CityTemp/cityTemp?CityName=%E5%8C%97%E4%BA%AC&json&_=1456126588006
INFO: [ app_init ] --START--
INFO: Run Behavior\BuildLiteBehavior [ RunTime:0.000014s ]
INFO: [ app_init ] --END-- [ RunTime:0.000314s ]
INFO: [ app_begin ] --START--
INFO: Run Behavior\ReadHtmlCacheBehavior [ RunTime:0.000478s ]
INFO: [ app_begin ] --END-- [ RunTime:0.000521s ]
NOTIC: [2] session_start(): open(D:/Program Files/php-5.6.15-Win32-VC11-x86/custom/session\sess_7f6pp1e5kilre3cvn3kpo97kf7, O_RDWR) failed: No such file or directory (2) V:\webRoot\CityTempPHP\ThinkPHP\Common\functions.php ç¬¬ 1263 è¡Œ.
SQL: SHOW COLUMNS FROM `citystationviewmodels` [ RunTime:0.0013s ]
SQL: SHOW COLUMNS FROM `citytemperature_db`.`citystationviewmodels` [ RunTime:0.0004s ]
SQL: SELECT `station` FROM citytemperature_db.citystationviewmodels WHERE ( city = "åŒ—äº¬" )  [ RunTime:2.0791s ]
SQL: SHOW COLUMNS FROM `citytemperature_db`.`citytempviewmodels` [ RunTime:0.0452s ]
NOTIC: [8] Use of undefined constant station - assumed 'station' V:\webRoot\CityTempPHP\Application\Home\Model\CityTempModel.class.php ç¬¬ 14 è¡Œ.
SQL: SELECT `temperature`,`time` FROM citytemperature_db.citytempviewmodels WHERE ( station = 54511 )  [ RunTime:3.1775s ]

[ 2016-02-22T15:36:49+08:00 ] 172.16.220.113 /CityTempPHP/index.php/Home/CityTemp/cityTemp?CityName=%E6%88%90%E9%83%BD&json&_=1456126588007
INFO: [ app_init ] --START--
INFO: Run Behavior\BuildLiteBehavior [ RunTime:0.000013s ]
INFO: [ app_init ] --END-- [ RunTime:0.000316s ]
INFO: [ app_begin ] --START--
INFO: Run Behavior\ReadHtmlCacheBehavior [ RunTime:0.000417s ]
INFO: [ app_begin ] --END-- [ RunTime:0.000456s ]
NOTIC: [2] session_start(): open(D:/Program Files/php-5.6.15-Win32-VC11-x86/custom/session\sess_7f6pp1e5kilre3cvn3kpo97kf7, O_RDWR) failed: No such file or directory (2) V:\webRoot\CityTempPHP\ThinkPHP\Common\functions.php ç¬¬ 1263 è¡Œ.
SQL: SHOW COLUMNS FROM `citystationviewmodels` [ RunTime:0.0149s ]
SQL: SHOW COLUMNS FROM `citytemperature_db`.`citystationviewmodels` [ RunTime:0.0005s ]
SQL: SELECT `station` FROM citytemperature_db.citystationviewmodels WHERE ( city = "æˆéƒ½" )  [ RunTime:1.3939s ]
SQL: SHOW COLUMNS FROM `citytemperature_db`.`citytempviewmodels` [ RunTime:0.0137s ]
NOTIC: [8] Use of undefined constant station - assumed 'station' V:\webRoot\CityTempPHP\Application\Home\Model\CityTempModel.class.php ç¬¬ 14 è¡Œ.
SQL: SELECT `temperature`,`time` FROM citytemperature_db.citytempviewmodels WHERE ( station = 56294 )  [ RunTime:2.5564s ]

[ 2016-02-22T15:37:04+08:00 ] 172.16.220.113 /CityTempPHP/index.php/Home/CityTemp/cityTemp?CityName=%E5%8F%8C%E6%B5%81&json&_=1456126588008
INFO: [ app_init ] --START--
INFO: Run Behavior\BuildLiteBehavior [ RunTime:0.000026s ]
INFO: [ app_init ] --END-- [ RunTime:0.000428s ]
INFO: [ app_begin ] --START--
INFO: Run Behavior\ReadHtmlCacheBehavior [ RunTime:0.000915s ]
INFO: [ app_begin ] --END-- [ RunTime:0.001083s ]
NOTIC: [2] session_start(): open(D:/Program Files/php-5.6.15-Win32-VC11-x86/custom/session\sess_7f6pp1e5kilre3cvn3kpo97kf7, O_RDWR) failed: No such file or directory (2) V:\webRoot\CityTempPHP\ThinkPHP\Common\functions.php ç¬¬ 1263 è¡Œ.
SQL: SHOW COLUMNS FROM `citystationviewmodels` [ RunTime:0.0012s ]
SQL: SHOW COLUMNS FROM `citytemperature_db`.`citystationviewmodels` [ RunTime:0.0005s ]
SQL: SELECT `station` FROM citytemperature_db.citystationviewmodels WHERE ( city = "åŒæµ" )  [ RunTime:1.3626s ]
SQL: SHOW COLUMNS FROM `citytemperature_db`.`citytempviewmodels` [ RunTime:0.0126s ]
NOTIC: [8] Use of undefined constant station - assumed 'station' V:\webRoot\CityTempPHP\Application\Home\Model\CityTempModel.class.php ç¬¬ 14 è¡Œ.
SQL: SELECT `temperature`,`time` FROM citytemperature_db.citytempviewmodels WHERE ( station = 56288 )  [ RunTime:2.5303s ]

