[ 2015-12-12T20:03:12+08:00 ] 172.16.220.113 /CityTempPHP/index.php/CityTemp/cityTempAction.php?CityStation=50136
INFO: [ app_init ] --START--
INFO: Run Behavior\BuildLiteBehavior [ RunTime:0.001000s ]
INFO: [ app_init ] --END-- [ RunTime:0.001000s ]
ERR: 无法加载模块:CityTemp

[ 2015-12-12T20:05:33+08:00 ] 172.16.220.113 /CityTempPHP/index.php/Vie/CityTemp/cityTempAction.php?CityStation=50136
INFO: [ app_init ] --START--
INFO: Run Behavior\BuildLiteBehavior [ RunTime:0.000000s ]
INFO: [ app_init ] --END-- [ RunTime:0.000000s ]
ERR: 无法加载模块:Vie

[ 2015-12-12T20:05:36+08:00 ] 172.16.220.113 /CityTempPHP/index.php/View/CityTemp/cityTempAction.php?CityStation=50136
INFO: [ app_init ] --START--
INFO: Run Behavior\BuildLiteBehavior [ RunTime:0.000000s ]
INFO: [ app_init ] --END-- [ RunTime:0.001000s ]
ERR: 无法加载模块:View

[ 2015-12-12T20:05:39+08:00 ] 172.16.220.113 /CityTempPHP/index.php/View/CityTemp/cityTempAction.php?CityStation=50136
INFO: [ app_init ] --START--
INFO: Run Behavior\BuildLiteBehavior [ RunTime:0.000000s ]
INFO: [ app_init ] --END-- [ RunTime:0.001000s ]
ERR: 无法加载模块:View

[ 2015-12-12T20:17:05+08:00 ] 172.16.220.113 /CityTempPHP/index.php/Home/CityTemp/cityTempAction%EF%BC%9FCityStation=50136
INFO: [ app_init ] --START--
INFO: Run Behavior\BuildLiteBehavior [ RunTime:0.000000s ]
INFO: [ app_init ] --END-- [ RunTime:0.001000s ]
ERR: 无法加载模块:Home/CityTemp/cityTempAction？CityStation=50136

[ 2015-12-12T20:17:12+08:00 ] 172.16.220.113 /CityTempPHP/index.php/Home/CityTemp/cityTempAction%E3%80%82php%EF%BC%9FCityStation=50136
INFO: [ app_init ] --START--
INFO: Run Behavior\BuildLiteBehavior [ RunTime:0.000000s ]
INFO: [ app_init ] --END-- [ RunTime:0.001000s ]
ERR: 无法加载模块:Home/CityTemp/cityTempAction。php？CityStation=50136

[ 2015-12-12T20:17:24+08:00 ] 172.16.220.113 /CityTempPHP/index.php/Home/CityTemp/cityTempAction.php%EF%BC%9FCityStation=50136
INFO: [ app_init ] --START--
INFO: Run Behavior\BuildLiteBehavior [ RunTime:0.000000s ]
INFO: [ app_init ] --END-- [ RunTime:0.001000s ]
ERR: 无法加载模块:Home/CityTemp/cityTempAction

[ 2015-12-12T20:17:37+08:00 ] 172.16.220.113 /CityTempPHP/index.php/Home/CityTemp/cityTempAction%EF%BC%9FCityStation=50136
INFO: [ app_init ] --START--
INFO: Run Behavior\BuildLiteBehavior [ RunTime:0.000000s ]
INFO: [ app_init ] --END-- [ RunTime:0.000000s ]
ERR: 无法加载模块:Home/CityTemp/cityTempAction？CityStation=50136

[ 2015-12-12T20:17:48+08:00 ] 172.16.220.113 /CityTempPHP/index.php/Home/CityTemp/cityTempAction/CityStation=50136
INFO: [ app_init ] --START--
INFO: Run Behavior\BuildLiteBehavior [ RunTime:0.000000s ]
INFO: [ app_init ] --END-- [ RunTime:0.000000s ]
ERR: 无法加载模块:Home/CityTemp/cityTempAction/CityStation=50136

[ 2015-12-12T22:36:51+08:00 ] 172.16.220.113 /CityTempPHP/index.php/Public/echarts/chart/map.js
INFO: [ app_init ] --START--
INFO: Run Behavior\BuildLiteBehavior [ RunTime:0.000000s ]
INFO: [ app_init ] --END-- [ RunTime:0.000000s ]
ERR: 无法加载模块:Public

[ 2015-12-12T22:37:06+08:00 ] 172.16.220.113 /CityTempPHP/index.php/Public/echarts/chart/bar.js
INFO: [ app_init ] --START--
INFO: Run Behavior\BuildLiteBehavior [ RunTime:0.000000s ]
INFO: [ app_init ] --END-- [ RunTime:0.001000s ]
ERR: 无法加载模块:Public

[ 2015-12-12T22:37:06+08:00 ] 172.16.220.113 /CityTempPHP/index.php/Public/echarts/chart/line.js
INFO: [ app_init ] --START--
INFO: Run Behavior\BuildLiteBehavior [ RunTime:0.000000s ]
INFO: [ app_init ] --END-- [ RunTime:0.000000s ]
ERR: 无法加载模块:Public

[ 2015-12-12T22:37:10+08:00 ] 172.16.220.113 /CityTempPHP/index.php/Public/echarts/chart/map.js
INFO: [ app_init ] --START--
INFO: Run Behavior\BuildLiteBehavior [ RunTime:0.000000s ]
INFO: [ app_init ] --END-- [ RunTime:0.000000s ]
ERR: 无法加载模块:Public

[ 2015-12-12T22:37:21+08:00 ] 172.16.220.113 /CityTempPHP/index.php/Public/echarts/chart/bar.js
INFO: [ app_init ] --START--
INFO: Run Behavior\BuildLiteBehavior [ RunTime:0.000000s ]
INFO: [ app_init ] --END-- [ RunTime:0.001000s ]
ERR: 无法加载模块:Public

[ 2015-12-12T22:37:21+08:00 ] 172.16.220.113 /CityTempPHP/index.php/Public/echarts/chart/line.js
INFO: [ app_init ] --START--
INFO: Run Behavior\BuildLiteBehavior [ RunTime:0.000000s ]
INFO: [ app_init ] --END-- [ RunTime:0.001000s ]
ERR: 无法加载模块:Public

[ 2015-12-12T22:37:47+08:00 ] 172.16.220.113 /CityTempPHP/index.php/Public/echarts/chart/map.js
INFO: [ app_init ] --START--
INFO: Run Behavior\BuildLiteBehavior [ RunTime:0.000000s ]
INFO: [ app_init ] --END-- [ RunTime:0.001000s ]
ERR: 无法加载模块:Public

[ 2015-12-12T22:37:58+08:00 ] 172.16.220.113 /CityTempPHP/index.php/Public/echarts/chart/bar.js
INFO: [ app_init ] --START--
INFO: Run Behavior\BuildLiteBehavior [ RunTime:0.000000s ]
INFO: [ app_init ] --END-- [ RunTime:0.001000s ]
ERR: 无法加载模块:Public

[ 2015-12-12T22:37:58+08:00 ] 172.16.220.113 /CityTempPHP/index.php/Public/echarts/chart/line.js
INFO: [ app_init ] --START--
INFO: Run Behavior\BuildLiteBehavior [ RunTime:0.000000s ]
INFO: [ app_init ] --END-- [ RunTime:0.001000s ]
ERR: 无法加载模块:Public

[ 2015-12-12T22:45:34+08:00 ] 172.16.220.113 /CityTempPHP/index.php/Public/echarts/chart/map.js
INFO: [ app_init ] --START--
INFO: Run Behavior\BuildLiteBehavior [ RunTime:0.000000s ]
INFO: [ app_init ] --END-- [ RunTime:0.001000s ]
ERR: 无法加载模块:Public

[ 2015-12-12T22:45:48+08:00 ] 172.16.220.113 /CityTempPHP/index.php/Public/echarts/chart/bar.js
INFO: [ app_init ] --START--
INFO: Run Behavior\BuildLiteBehavior [ RunTime:0.000000s ]
INFO: [ app_init ] --END-- [ RunTime:0.000000s ]
ERR: 无法加载模块:Public

[ 2015-12-12T22:45:48+08:00 ] 172.16.220.113 /CityTempPHP/index.php/Public/echarts/chart/line.js
INFO: [ app_init ] --START--
INFO: Run Behavior\BuildLiteBehavior [ RunTime:0.000000s ]
INFO: [ app_init ] --END-- [ RunTime:0.001000s ]
ERR: 无法加载模块:Public

[ 2015-12-12T22:47:28+08:00 ] 172.16.220.113 /CityTempPHP/index.php/Public/echarts/chart/map.js
INFO: [ app_init ] --START--
INFO: Run Behavior\BuildLiteBehavior [ RunTime:0.000000s ]
INFO: [ app_init ] --END-- [ RunTime:0.000000s ]
ERR: 无法加载模块:Public

[ 2015-12-12T22:47:35+08:00 ] 172.16.220.113 /CityTempPHP/index.php/Public/echarts/chart/bar.js
INFO: [ app_init ] --START--
INFO: Run Behavior\BuildLiteBehavior [ RunTime:0.000000s ]
INFO: [ app_init ] --END-- [ RunTime:0.000000s ]
ERR: 无法加载模块:Public

[ 2015-12-12T22:47:35+08:00 ] 172.16.220.113 /CityTempPHP/index.php/Public/echarts/chart/line.js
INFO: [ app_init ] --START--
INFO: Run Behavior\BuildLiteBehavior [ RunTime:0.000000s ]
INFO: [ app_init ] --END-- [ RunTime:0.001000s ]
ERR: 无法加载模块:Public

[ 2015-12-12T22:49:34+08:00 ] 172.16.220.113 /CityTempPHP/index.php/Public/echarts/chart/map.js
INFO: [ app_init ] --START--
INFO: Run Behavior\BuildLiteBehavior [ RunTime:0.000000s ]
INFO: [ app_init ] --END-- [ RunTime:0.000000s ]
ERR: 无法加载模块:Public

[ 2015-12-12T22:49:41+08:00 ] 172.16.220.113 /CityTempPHP/index.php/Public/echarts/chart/bar.js
INFO: [ app_init ] --START--
INFO: Run Behavior\BuildLiteBehavior [ RunTime:0.000000s ]
INFO: [ app_init ] --END-- [ RunTime:0.000000s ]
ERR: 无法加载模块:Public

[ 2015-12-12T22:49:41+08:00 ] 172.16.220.113 /CityTempPHP/index.php/Public/echarts/chart/line.js
INFO: [ app_init ] --START--
INFO: Run Behavior\BuildLiteBehavior [ RunTime:0.000000s ]
INFO: [ app_init ] --END-- [ RunTime:0.001000s ]
ERR: 无法加载模块:Public

[ 2015-12-12T22:50:49+08:00 ] 172.16.220.113 /CityTempPHP/index.php/Public/echarts/chart/map.js
INFO: [ app_init ] --START--
INFO: Run Behavior\BuildLiteBehavior [ RunTime:0.001000s ]
INFO: [ app_init ] --END-- [ RunTime:0.001000s ]
ERR: 无法加载模块:Public

[ 2015-12-12T22:50:55+08:00 ] 172.16.220.113 /CityTempPHP/index.php/Public/echarts/chart/bar.js
INFO: [ app_init ] --START--
INFO: Run Behavior\BuildLiteBehavior [ RunTime:0.001000s ]
INFO: [ app_init ] --END-- [ RunTime:0.001000s ]
ERR: 无法加载模块:Public

[ 2015-12-12T22:50:55+08:00 ] 172.16.220.113 /CityTempPHP/index.php/Public/echarts/chart/line.js
INFO: [ app_init ] --START--
INFO: Run Behavior\BuildLiteBehavior [ RunTime:0.000000s ]
INFO: [ app_init ] --END-- [ RunTime:0.001000s ]
ERR: 无法加载模块:Public

[ 2015-12-12T22:54:21+08:00 ] 172.16.220.113 /CityTempPHP/index.php/Public/echarts/chart/bar.js
INFO: [ app_init ] --START--
INFO: Run Behavior\BuildLiteBehavior [ RunTime:0.000000s ]
INFO: [ app_init ] --END-- [ RunTime:0.000000s ]
ERR: 无法加载模块:Public

[ 2015-12-12T22:54:21+08:00 ] 172.16.220.113 /CityTempPHP/index.php/Public/echarts/chart/line.js
INFO: [ app_init ] --START--
INFO: Run Behavior\BuildLiteBehavior [ RunTime:0.000000s ]
INFO: [ app_init ] --END-- [ RunTime:0.001000s ]
ERR: 无法加载模块:Public

